{"meta": {"format": 3, "version": "7.11.0", "timestamp": "2025-11-09T16:55:35.000162", "branch_coverage": true, "show_contexts": false}, "files": {"src/hother/cancelable/core/cancelable.py": {"executed_lines": [1, 5, 7, 8, 9, 10, 11, 12, 13, 14, 15, 17, 19, 20, 21, 22, 23, 24, 25, 27, 29, 30, 33, 38, 39, 41, 42, 43, 44, 47, 48, 55, 74, 78, 79, 81, 84, 85, 87, 88, 91, 92, 95, 96, 97, 98, 99, 100, 103, 104, 107, 108, 116, 117, 119, 124, 125, 132, 134, 156, 157, 160, 161, 176, 178, 179, 181, 182, 183, 185, 186, 219, 221, 222, 223, 224, 226, 227, 242, 244, 245, 246, 248, 249, 272, 274, 275, 276, 279, 309, 310, 311, 312, 314, 323, 326, 327, 328, 329, 332, 333, 334, 336, 344, 347, 376, 377, 379, 391, 392, 394, 406, 407, 409, 422, 423, 425, 442, 443, 446, 454, 455, 456, 457, 458, 459, 460, 467, 477, 480, 482, 485, 488, 491, 494, 495, 497, 498, 501, 504, 506, 509, 510, 511, 513, 517, 518, 519, 522, 525, 528, 530, 531, 533, 534, 536, 538, 562, 564, 566, 568, 569, 572, 574, 577, 578, 579, 580, 583, 584, 586, 593, 594, 595, 596, 598, 600, 601, 602, 604, 605, 606, 608, 612, 613, 614, 615, 618, 620, 621, 623, 624, 625, 626, 630, 631, 632, 633, 636, 637, 638, 639, 641, 642, 644, 647, 648, 649, 650, 652, 654, 655, 656, 657, 660, 661, 662, 665, 666, 668, 669, 672, 675, 678, 679, 682, 683, 685, 686, 689, 690, 692, 699, 701, 703, 705, 706, 709, 710, 712, 715, 716, 717, 719, 722, 723, 724, 725, 726, 733, 735, 736, 737, 739, 741, 743, 744, 745, 746, 749, 750, 751, 752, 755, 757, 758, 759, 760, 762, 764, 765, 766, 767, 769, 771, 772, 774, 777, 794, 795, 797, 798, 800, 802, 803, 805, 806, 808, 809, 811, 812, 814, 816, 820, 821, 823, 828, 831, 832, 838, 845, 876, 877, 879, 880, 882, 884, 885, 908, 909, 910, 912, 915, 916, 927, 930, 934, 937, 938, 939, 940, 941, 944, 948, 949, 950, 952, 955, 970, 973, 974, 975, 976, 977, 984, 985, 988, 990, 992, 1002, 1003, 1005, 1007, 1008, 1010, 1012, 1013, 1015, 1017, 1018, 1020, 1023, 1025, 1026, 1027, 1028, 1029, 1030, 1031, 1032, 1040, 1042, 1043, 1044, 1045, 1046, 1047, 1048, 1049, 1057, 1059], "summary": {"covered_lines": 368, "num_statements": 368, "percent_covered": 100.0, "percent_covered_display": "100.00", "missing_lines": 0, "excluded_lines": 0, "num_branches": 98, "num_partial_branches": 0, "covered_branches": 98, "missing_branches": 0}, "missing_lines": [], "excluded_lines": [], "executed_branches": [[78, 79], [78, 81], [84, 85], [84, 87], [95, 96], [95, 97], [116, 117], [116, 119], [178, 179], [178, 181], [311, 312], [311, 314], [328, 329], [328, 332], [333, 334], [333, 336], [454, -446], [454, 455], [457, 454], [457, 458], [494, 495], [494, 501], [509, 510], [509, 513], [577, 578], [577, 583], [579, 580], [579, 583], [601, 602], [601, 612], [612, 613], [612, 665], [614, 615], [614, 652], [618, 620], [618, 621], [621, 623], [621, 626], [626, 630], [626, 644], [630, 631], [630, 636], [636, 637], [636, 641], [637, 636], [637, 638], [641, 642], [641, 647], [652, 654], [652, 660], [678, 679], [678, 682], [682, 683], [682, 689], [689, 690], [689, 692], [703, -701], [703, 705], [705, 706], [705, 709], [709, 703], [709, 710], [715, -712], [715, 716], [722, -719], [722, 723], [736, 737], [736, 739], [744, 745], [744, 749], [749, 750], [749, 762], [758, 759], [758, 762], [798, 800], [798, 831], [805, 806], [805, 811], [808, 809], [808, 811], [811, 798], [811, 812], [831, 832], [831, 838], [973, 974], [973, 984], [975, 976], [975, 984], [976, 975], [976, 977], [1026, -1023], [1026, 1027], [1029, 1026], [1029, 1030], [1043, -1040], [1043, 1044], [1046, 1043], [1046, 1047]], "missing_branches": [], "functions": {"Cancelable.__init__": {"executed_lines": [74, 78, 79, 81, 84, 85, 87, 88, 91, 92, 95, 96, 97, 98, 99, 100, 103, 104, 107, 108, 116, 117, 119], "summary": {"covered_lines": 23, "num_statements": 23, "percent_covered": 100.0, "percent_covered_display": "100.00", "missing_lines": 0, "excluded_lines": 0, "num_branches": 8, "num_partial_branches": 0, "covered_branches": 8, "missing_branches": 0}, "missing_lines": [], "excluded_lines": [], "executed_branches": [[78, 79], [78, 81], [84, 85], [84, 87], [95, 96], [95, 97], [116, 117], [116, 119]], "missing_branches": []}, "Cancelable.token": {"executed_lines": [132], "summary": {"covered_lines": 1, "num_statements": 1, "percent_covered": 100.0, "percent_covered_display": "100.00", "missing_lines": 0, "excluded_lines": 0, "num_branches": 0, "num_partial_branches": 0, "covered_branches": 0, "missing_branches": 0}, "missing_lines": [], "excluded_lines": [], "executed_branches": [], "missing_branches": []}, "Cancelable.add_source": {"executed_lines": [156, 157], "summary": {"covered_lines": 2, "num_statements": 2, "percent_covered": 100.0, "percent_covered_display": "100.00", "missing_lines": 0, "excluded_lines": 0, "num_branches": 0, "num_partial_branches": 0, "covered_branches": 0, "missing_branches": 0}, "missing_lines": [], "excluded_lines": [], "executed_branches": [], "missing_branches": []}, "Cancelable.with_timeout": {"executed_lines": [176, 178, 179, 181, 182, 183], "summary": {"covered_lines": 6, "num_statements": 6, "percent_covered": 100.0, "percent_covered_display": "100.00", "missing_lines": 0, "excluded_lines": 0, "num_branches": 2, "num_partial_branches": 0, "covered_branches": 2, "missing_branches": 0}, "missing_lines": [], "excluded_lines": [], "executed_branches": [[178, 179], [178, 181]], "missing_branches": []}, "Cancelable.with_token": {"executed_lines": [219, 221, 222, 223, 224], "summary": {"covered_lines": 5, "num_statements": 5, "percent_covered": 100.0, "percent_covered_display": "100.00", "missing_lines": 0, "excluded_lines": 0, "num_branches": 0, "num_partial_branches": 0, "covered_branches": 0, "missing_branches": 0}, "missing_lines": [], "excluded_lines": [], "executed_branches": [], "missing_branches": []}, "Cancelable.with_signal": {"executed_lines": [242, 244, 245, 246], "summary": {"covered_lines": 4, "num_statements": 4, "percent_covered": 100.0, "percent_covered_display": "100.00", "missing_lines": 0, "excluded_lines": 0, "num_branches": 0, "num_partial_branches": 0, "covered_branches": 0, "missing_branches": 0}, "missing_lines": [], "excluded_lines": [], "executed_branches": [], "missing_branches": []}, "Cancelable.with_condition": {"executed_lines": [272, 274, 275, 276], "summary": {"covered_lines": 4, "num_statements": 4, "percent_covered": 100.0, "percent_covered_display": "100.00", "missing_lines": 0, "excluded_lines": 0, "num_branches": 0, "num_partial_branches": 0, "covered_branches": 0, "missing_branches": 0}, "missing_lines": [], "excluded_lines": [], "executed_branches": [], "missing_branches": []}, "Cancelable.combine": {"executed_lines": [309, 310, 311, 312, 314, 323, 326, 327, 328, 329, 332, 333, 334, 336, 344], "summary": {"covered_lines": 15, "num_statements": 15, "percent_covered": 100.0, "percent_covered_display": "100.00", "missing_lines": 0, "excluded_lines": 0, "num_branches": 6, "num_partial_branches": 0, "covered_branches": 6, "missing_branches": 0}, "missing_lines": [], "excluded_lines": [], "executed_branches": [[311, 312], [311, 314], [328, 329], [328, 332], [333, 334], [333, 336]], "missing_branches": []}, "Cancelable.on_progress": {"executed_lines": [376, 377], "summary": {"covered_lines": 2, "num_statements": 2, "percent_covered": 100.0, "percent_covered_display": "100.00", "missing_lines": 0, "excluded_lines": 0, "num_branches": 0, "num_partial_branches": 0, "covered_branches": 0, "missing_branches": 0}, "missing_lines": [], "excluded_lines": [], "executed_branches": [], "missing_branches": []}, "Cancelable.on_start": {"executed_lines": [391, 392], "summary": {"covered_lines": 2, "num_statements": 2, "percent_covered": 100.0, "percent_covered_display": "100.00", "missing_lines": 0, "excluded_lines": 0, "num_branches": 0, "num_partial_branches": 0, "covered_branches": 0, "missing_branches": 0}, "missing_lines": [], "excluded_lines": [], "executed_branches": [], "missing_branches": []}, "Cancelable.on_complete": {"executed_lines": [406, 407], "summary": {"covered_lines": 2, "num_statements": 2, "percent_covered": 100.0, "percent_covered_display": "100.00", "missing_lines": 0, "excluded_lines": 0, "num_branches": 0, "num_partial_branches": 0, "covered_branches": 0, "missing_branches": 0}, "missing_lines": [], "excluded_lines": [], "executed_branches": [], "missing_branches": []}, "Cancelable.on_cancel": {"executed_lines": [422, 423], "summary": {"covered_lines": 2, "num_statements": 2, "percent_covered": 100.0, "percent_covered_display": "100.00", "missing_lines": 0, "excluded_lines": 0, "num_branches": 0, "num_partial_branches": 0, "covered_branches": 0, "missing_branches": 0}, "missing_lines": [], "excluded_lines": [], "executed_branches": [], "missing_branches": []}, "Cancelable.on_error": {"executed_lines": [442, 443], "summary": {"covered_lines": 2, "num_statements": 2, "percent_covered": 100.0, "percent_covered_display": "100.00", "missing_lines": 0, "excluded_lines": 0, "num_branches": 0, "num_partial_branches": 0, "covered_branches": 0, "missing_branches": 0}, "missing_lines": [], "excluded_lines": [], "executed_branches": [], "missing_branches": []}, "Cancelable.report_progress": {"executed_lines": [454, 455, 456, 457, 458, 459, 460], "summary": {"covered_lines": 7, "num_statements": 7, "percent_covered": 100.0, "percent_covered_display": "100.00", "missing_lines": 0, "excluded_lines": 0, "num_branches": 4, "num_partial_branches": 0, "covered_branches": 4, "missing_branches": 0}, "missing_lines": [], "excluded_lines": [], "executed_branches": [[454, -446], [454, 455], [457, 454], [457, 458]], "missing_branches": []}, "Cancelable.check_cancellation": {"executed_lines": [477], "summary": {"covered_lines": 1, "num_statements": 1, "percent_covered": 100.0, "percent_covered_display": "100.00", "missing_lines": 0, "excluded_lines": 0, "num_branches": 0, "num_partial_branches": 0, "covered_branches": 0, "missing_branches": 0}, "missing_lines": [], "excluded_lines": [], "executed_branches": [], "missing_branches": []}, "Cancelable.__aenter__": {"executed_lines": [482, 485, 488, 491, 494, 495, 497, 498, 501, 504, 517, 518, 519, 522, 525, 528, 530, 531], "summary": {"covered_lines": 18, "num_statements": 18, "percent_covered": 100.0, "percent_covered_display": "100.00", "missing_lines": 0, "excluded_lines": 0, "num_branches": 2, "num_partial_branches": 0, "covered_branches": 2, "missing_branches": 0}, "missing_lines": [], "excluded_lines": [], "executed_branches": [[494, 495], [494, 501]], "missing_branches": []}, "Cancelable.__aenter__.on_token_cancel": {"executed_lines": [506, 509, 510, 511, 513], "summary": {"covered_lines": 5, "num_statements": 5, "percent_covered": 100.0, "percent_covered_display": "100.00", "missing_lines": 0, "excluded_lines": 0, "num_branches": 2, "num_partial_branches": 0, "covered_branches": 2, "missing_branches": 0}, "missing_lines": [], "excluded_lines": [], "executed_branches": [[509, 510], [509, 513]], "missing_branches": []}, "Cancelable.parent": {"executed_lines": [536], "summary": {"covered_lines": 1, "num_statements": 1, "percent_covered": 100.0, "percent_covered_display": "100.00", "missing_lines": 0, "excluded_lines": 0, "num_branches": 0, "num_partial_branches": 0, "covered_branches": 0, "missing_branches": 0}, "missing_lines": [], "excluded_lines": [], "executed_branches": [], "missing_branches": []}, "Cancelable.run_in_thread": {"executed_lines": [562, 564, 572], "summary": {"covered_lines": 3, "num_statements": 3, "percent_covered": 100.0, "percent_covered_display": "100.00", "missing_lines": 0, "excluded_lines": 0, "num_branches": 0, "num_partial_branches": 0, "covered_branches": 0, "missing_branches": 0}, "missing_lines": [], "excluded_lines": [], "executed_branches": [], "missing_branches": []}, "Cancelable.run_in_thread.thread_func": {"executed_lines": [566, 568, 569], "summary": {"covered_lines": 3, "num_statements": 3, "percent_covered": 100.0, "percent_covered_display": "100.00", "missing_lines": 0, "excluded_lines": 0, "num_branches": 0, "num_partial_branches": 0, "covered_branches": 0, "missing_branches": 0}, "missing_lines": [], "excluded_lines": [], "executed_branches": [], "missing_branches": []}, "Cancelable.__del__": {"executed_lines": [577, 578, 579, 580, 583, 584], "summary": {"covered_lines": 6, "num_statements": 6, "percent_covered": 100.0, "percent_covered_display": "100.00", "missing_lines": 0, "excluded_lines": 0, "num_branches": 4, "num_partial_branches": 0, "covered_branches": 4, "missing_branches": 0}, "missing_lines": [], "excluded_lines": [], "executed_branches": [[577, 578], [577, 583], [579, 580], [579, 583]], "missing_branches": []}, "Cancelable.__aexit__": {"executed_lines": [593, 594, 595, 596, 598, 600, 601, 602, 604, 605, 606, 608, 612, 613, 614, 615, 618, 620, 621, 623, 624, 625, 626, 630, 631, 632, 633, 636, 637, 638, 639, 641, 642, 644, 647, 648, 649, 650, 652, 654, 655, 656, 657, 660, 661, 662, 665, 666, 668, 669, 672, 675, 678, 679, 682, 683, 685, 686, 689, 690, 692, 699], "summary": {"covered_lines": 62, "num_statements": 62, "percent_covered": 100.0, "percent_covered_display": "100.00", "missing_lines": 0, "excluded_lines": 0, "num_branches": 28, "num_partial_branches": 0, "covered_branches": 28, "missing_branches": 0}, "missing_lines": [], "excluded_lines": [], "executed_branches": [[601, 602], [601, 612], [612, 613], [612, 665], [614, 615], [614, 652], [618, 620], [618, 621], [621, 623], [621, 626], [626, 630], [626, 644], [630, 631], [630, 636], [636, 637], [636, 641], [637, 636], [637, 638], [641, 642], [641, 647], [652, 654], [652, 660], [678, 679], [678, 682], [682, 683], [682, 689], [689, 690], [689, 692]], "missing_branches": []}, "Cancelable._collect_all_tokens": {"executed_lines": [703, 705, 706, 709, 710], "summary": {"covered_lines": 5, "num_statements": 5, "percent_covered": 100.0, "percent_covered_display": "100.00", "missing_lines": 0, "excluded_lines": 0, "num_branches": 6, "num_partial_branches": 0, "covered_branches": 6, "missing_branches": 0}, "missing_lines": [], "excluded_lines": [], "executed_branches": [[703, -701], [703, 705], [705, 706], [705, 709], [709, 703], [709, 710]], "missing_branches": []}, "Cancelable._setup_monitoring": {"executed_lines": [715, 716, 717], "summary": {"covered_lines": 3, "num_statements": 3, "percent_covered": 100.0, "percent_covered_display": "100.00", "missing_lines": 0, "excluded_lines": 0, "num_branches": 2, "num_partial_branches": 0, "covered_branches": 2, "missing_branches": 0}, "missing_lines": [], "excluded_lines": [], "executed_branches": [[715, -712], [715, 716]], "missing_branches": []}, "Cancelable._stop_monitoring": {"executed_lines": [722, 723, 724, 725, 726], "summary": {"covered_lines": 5, "num_statements": 5, "percent_covered": 100.0, "percent_covered_display": "100.00", "missing_lines": 0, "excluded_lines": 0, "num_branches": 2, "num_partial_branches": 0, "covered_branches": 2, "missing_branches": 0}, "missing_lines": [], "excluded_lines": [], "executed_branches": [[722, -719], [722, 723]], "missing_branches": []}, "Cancelable._safe_link_tokens": {"executed_lines": [735, 736, 737, 739, 741, 743, 744, 745, 746, 749, 750, 751, 752, 755, 757, 758, 759, 760, 762, 764, 765, 766, 767], "summary": {"covered_lines": 23, "num_statements": 23, "percent_covered": 100.0, "percent_covered_display": "100.00", "missing_lines": 0, "excluded_lines": 0, "num_branches": 8, "num_partial_branches": 0, "covered_branches": 8, "missing_branches": 0}, "missing_lines": [], "excluded_lines": [], "executed_branches": [[736, 737], [736, 739], [744, 745], [744, 749], [749, 750], [749, 762], [758, 759], [758, 762]], "missing_branches": []}, "Cancelable._on_source_cancelled": {"executed_lines": [771, 772, 774], "summary": {"covered_lines": 3, "num_statements": 3, "percent_covered": 100.0, "percent_covered_display": "100.00", "missing_lines": 0, "excluded_lines": 0, "num_branches": 0, "num_partial_branches": 0, "covered_branches": 0, "missing_branches": 0}, "missing_lines": [], "excluded_lines": [], "executed_branches": [], "missing_branches": []}, "Cancelable.stream": {"executed_lines": [794, 795, 797, 798, 800, 802, 803, 805, 806, 808, 809, 811, 812, 814, 816, 820, 821, 823, 828, 831, 832, 838], "summary": {"covered_lines": 22, "num_statements": 22, "percent_covered": 100.0, "percent_covered_display": "100.00", "missing_lines": 0, "excluded_lines": 0, "num_branches": 10, "num_partial_branches": 0, "covered_branches": 10, "missing_branches": 0}, "missing_lines": [], "excluded_lines": [], "executed_branches": [[798, 800], [798, 831], [805, 806], [805, 811], [808, 809], [808, 811], [811, 798], [811, 812], [831, 832], [831, 838]], "missing_branches": []}, "Cancelable.wrap": {"executed_lines": [876, 877, 882], "summary": {"covered_lines": 3, "num_statements": 3, "percent_covered": 100.0, "percent_covered_display": "100.00", "missing_lines": 0, "excluded_lines": 0, "num_branches": 0, "num_partial_branches": 0, "covered_branches": 0, "missing_branches": 0}, "missing_lines": [], "excluded_lines": [], "executed_branches": [], "missing_branches": []}, "Cancelable.wrap.wrapped": {"executed_lines": [879, 880], "summary": {"covered_lines": 2, "num_statements": 2, "percent_covered": 100.0, "percent_covered_display": "100.00", "missing_lines": 0, "excluded_lines": 0, "num_branches": 0, "num_partial_branches": 0, "covered_branches": 0, "missing_branches": 0}, "missing_lines": [], "excluded_lines": [], "executed_branches": [], "missing_branches": []}, "Cancelable.wrapping": {"executed_lines": [908, 912], "summary": {"covered_lines": 2, "num_statements": 2, "percent_covered": 100.0, "percent_covered_display": "100.00", "missing_lines": 0, "excluded_lines": 0, "num_branches": 0, "num_partial_branches": 0, "covered_branches": 0, "missing_branches": 0}, "missing_lines": [], "excluded_lines": [], "executed_branches": [], "missing_branches": []}, "Cancelable.wrapping.wrap_fn": {"executed_lines": [909, 910], "summary": {"covered_lines": 2, "num_statements": 2, "percent_covered": 100.0, "percent_covered_display": "100.00", "missing_lines": 0, "excluded_lines": 0, "num_branches": 0, "num_partial_branches": 0, "covered_branches": 0, "missing_branches": 0}, "missing_lines": [], "excluded_lines": [], "executed_branches": [], "missing_branches": []}, "Cancelable.shield": {"executed_lines": [927, 930, 934, 937, 938, 939, 940, 941, 944, 948, 949, 950, 952], "summary": {"covered_lines": 13, "num_statements": 13, "percent_covered": 100.0, "percent_covered_display": "100.00", "missing_lines": 0, "excluded_lines": 0, "num_branches": 0, "num_partial_branches": 0, "covered_branches": 0, "missing_branches": 0}, "missing_lines": [], "excluded_lines": [], "executed_branches": [], "missing_branches": []}, "Cancelable.cancel": {"executed_lines": [970, 973, 974, 975, 976, 977, 984, 985, 988, 990, 992], "summary": {"covered_lines": 11, "num_statements": 11, "percent_covered": 100.0, "percent_covered_display": "100.00", "missing_lines": 0, "excluded_lines": 0, "num_branches": 6, "num_partial_branches": 0, "covered_branches": 6, "missing_branches": 0}, "missing_lines": [], "excluded_lines": [], "executed_branches": [[973, 974], [973, 984], [975, 976], [975, 984], [976, 975], [976, 977]], "missing_branches": []}, "Cancelable.is_cancelled": {"executed_lines": [1005], "summary": {"covered_lines": 1, "num_statements": 1, "percent_covered": 100.0, "percent_covered_display": "100.00", "missing_lines": 0, "excluded_lines": 0, "num_branches": 0, "num_partial_branches": 0, "covered_branches": 0, "missing_branches": 0}, "missing_lines": [], "excluded_lines": [], "executed_branches": [], "missing_branches": []}, "Cancelable.is_running": {"executed_lines": [1010], "summary": {"covered_lines": 1, "num_statements": 1, "percent_covered": 100.0, "percent_covered_display": "100.00", "missing_lines": 0, "excluded_lines": 0, "num_branches": 0, "num_partial_branches": 0, "covered_branches": 0, "missing_branches": 0}, "missing_lines": [], "excluded_lines": [], "executed_branches": [], "missing_branches": []}, "Cancelable.is_completed": {"executed_lines": [1015], "summary": {"covered_lines": 1, "num_statements": 1, "percent_covered": 100.0, "percent_covered_display": "100.00", "missing_lines": 0, "excluded_lines": 0, "num_branches": 0, "num_partial_branches": 0, "covered_branches": 0, "missing_branches": 0}, "missing_lines": [], "excluded_lines": [], "executed_branches": [], "missing_branches": []}, "Cancelable.operation_id": {"executed_lines": [1020], "summary": {"covered_lines": 1, "num_statements": 1, "percent_covered": 100.0, "percent_covered_display": "100.00", "missing_lines": 0, "excluded_lines": 0, "num_branches": 0, "num_partial_branches": 0, "covered_branches": 0, "missing_branches": 0}, "missing_lines": [], "excluded_lines": [], "executed_branches": [], "missing_branches": []}, "Cancelable._trigger_callbacks": {"executed_lines": [1025, 1026, 1027, 1028, 1029, 1030, 1031, 1032], "summary": {"covered_lines": 8, "num_statements": 8, "percent_covered": 100.0, "percent_covered_display": "100.00", "missing_lines": 0, "excluded_lines": 0, "num_branches": 4, "num_partial_branches": 0, "covered_branches": 4, "missing_branches": 0}, "missing_lines": [], "excluded_lines": [], "executed_branches": [[1026, -1023], [1026, 1027], [1029, 1026], [1029, 1030]], "missing_branches": []}, "Cancelable._trigger_error_callbacks": {"executed_lines": [1042, 1043, 1044, 1045, 1046, 1047, 1048, 1049], "summary": {"covered_lines": 8, "num_statements": 8, "percent_covered": 100.0, "percent_covered_display": "100.00", "missing_lines": 0, "excluded_lines": 0, "num_branches": 4, "num_partial_branches": 0, "covered_branches": 4, "missing_branches": 0}, "missing_lines": [], "excluded_lines": [], "executed_branches": [[1043, -1040], [1043, 1044], [1046, 1043], [1046, 1047]], "missing_branches": []}, "current_operation": {"executed_lines": [1059], "summary": {"covered_lines": 1, "num_statements": 1, "percent_covered": 100.0, "percent_covered_display": "100.00", "missing_lines": 0, "excluded_lines": 0, "num_branches": 0, "num_partial_branches": 0, "covered_branches": 0, "missing_branches": 0}, "missing_lines": [], "excluded_lines": [], "executed_branches": [], "missing_branches": []}, "": {"executed_lines": [1, 5, 7, 8, 9, 10, 11, 12, 13, 14, 15, 17, 19, 20, 21, 22, 23, 24, 25, 27, 29, 30, 33, 38, 39, 41, 42, 43, 44, 47, 48, 55, 124, 125, 134, 160, 161, 185, 186, 226, 227, 248, 249, 279, 347, 379, 394, 409, 425, 446, 467, 480, 533, 534, 538, 574, 586, 701, 712, 719, 733, 769, 777, 845, 884, 885, 915, 916, 955, 1002, 1003, 1007, 1008, 1012, 1013, 1017, 1018, 1023, 1040, 1057], "summary": {"covered_lines": 77, "num_statements": 77, "percent_covered": 100.0, "percent_covered_display": "100.00", "missing_lines": 0, "excluded_lines": 0, "num_branches": 0, "num_partial_branches": 0, "covered_branches": 0, "missing_branches": 0}, "missing_lines": [], "excluded_lines": [], "executed_branches": [], "missing_branches": []}}, "classes": {"LinkState": {"executed_lines": [], "summary": {"covered_lines": 0, "num_statements": 0, "percent_covered": 100.0, "percent_covered_display": "100.00", "missing_lines": 0, "excluded_lines": 0, "num_branches": 0, "num_partial_branches": 0, "covered_branches": 0, "missing_branches": 0}, "missing_lines": [], "excluded_lines": [], "executed_branches": [], "missing_branches": []}, "Cancelable": {"executed_lines": [74, 78, 79, 81, 84, 85, 87, 88, 91, 92, 95, 96, 97, 98, 99, 100, 103, 104, 107, 108, 116, 117, 119, 132, 156, 157, 176, 178, 179, 181, 182, 183, 219, 221, 222, 223, 224, 242, 244, 245, 246, 272, 274, 275, 276, 309, 310, 311, 312, 314, 323, 326, 327, 328, 329, 332, 333, 334, 336, 344, 376, 377, 391, 392, 406, 407, 422, 423, 442, 443, 454, 455, 456, 457, 458, 459, 460, 477, 482, 485, 488, 491, 494, 495, 497, 498, 501, 504, 506, 509, 510, 511, 513, 517, 518, 519, 522, 525, 528, 530, 531, 536, 562, 564, 566, 568, 569, 572, 577, 578, 579, 580, 583, 584, 593, 594, 595, 596, 598, 600, 601, 602, 604, 605, 606, 608, 612, 613, 614, 615, 618, 620, 621, 623, 624, 625, 626, 630, 631, 632, 633, 636, 637, 638, 639, 641, 642, 644, 647, 648, 649, 650, 652, 654, 655, 656, 657, 660, 661, 662, 665, 666, 668, 669, 672, 675, 678, 679, 682, 683, 685, 686, 689, 690, 692, 699, 703, 705, 706, 709, 710, 715, 716, 717, 722, 723, 724, 725, 726, 735, 736, 737, 739, 741, 743, 744, 745, 746, 749, 750, 751, 752, 755, 757, 758, 759, 760, 762, 764, 765, 766, 767, 771, 772, 774, 794, 795, 797, 798, 800, 802, 803, 805, 806, 808, 809, 811, 812, 814, 816, 820, 821, 823, 828, 831, 832, 838, 876, 877, 879, 880, 882, 908, 909, 910, 912, 927, 930, 934, 937, 938, 939, 940, 941, 944, 948, 949, 950, 952, 970, 973, 974, 975, 976, 977, 984, 985, 988, 990, 992, 1005, 1010, 1015, 1020, 1025, 1026, 1027, 1028, 1029, 1030, 1031, 1032, 1042, 1043, 1044, 1045, 1046, 1047, 1048, 1049], "summary": {"covered_lines": 290, "num_statements": 290, "percent_covered": 100.0, "percent_covered_display": "100.00", "missing_lines": 0, "excluded_lines": 0, "num_branches": 98, "num_partial_branches": 0, "covered_branches": 98, "missing_branches": 0}, "missing_lines": [], "excluded_lines": [], "executed_branches": [[78, 79], [78, 81], [84, 85], [84, 87], [95, 96], [95, 97], [116, 117], [116, 119], [178, 179], [178, 181], [311, 312], [311, 314], [328, 329], [328, 332], [333, 334], [333, 336], [454, -446], [454, 455], [457, 454], [457, 458], [494, 495], [494, 501], [509, 510], [509, 513], [577, 578], [577, 583], [579, 580], [579, 583], [601, 602], [601, 612], [612, 613], [612, 665], [614, 615], [614, 652], [618, 620], [618, 621], [621, 623], [621, 626], [626, 630], [626, 644], [630, 631], [630, 636], [636, 637], [636, 641], [637, 636], [637, 638], [641, 642], [641, 647], [652, 654], [652, 660], [678, 679], [678, 682], [682, 683], [682, 689], [689, 690], [689, 692], [703, -701], [703, 705], [705, 706], [705, 709], [709, 703], [709, 710], [715, -712], [715, 716], [722, -719], [722, 723], [736, 737], [736, 739], [744, 745], [744, 749], [749, 750], [749, 762], [758, 759], [758, 762], [798, 800], [798, 831], [805, 806], [805, 811], [808, 809], [808, 811], [811, 798], [811, 812], [831, 832], [831, 838], [973, 974], [973, 984], [975, 976], [975, 984], [976, 975], [976, 977], [1026, -1023], [1026, 1027], [1029, 1026], [1029, 1030], [1043, -1040], [1043, 1044], [1046, 1043], [1046, 1047]], "missing_branches": []}, "": {"executed_lines": [1, 5, 7, 8, 9, 10, 11, 12, 13, 14, 15, 17, 19, 20, 21, 22, 23, 24, 25, 27, 29, 30, 33, 38, 39, 41, 42, 43, 44, 47, 48, 55, 124, 125, 134, 160, 161, 185, 186, 226, 227, 248, 249, 279, 347, 379, 394, 409, 425, 446, 467, 480, 533, 534, 538, 574, 586, 701, 712, 719, 733, 769, 777, 845, 884, 885, 915, 916, 955, 1002, 1003, 1007, 1008, 1012, 1013, 1017, 1018, 1023, 1040, 1057, 1059], "summary": {"covered_lines": 78, "num_statements": 78, "percent_covered": 100.0, "percent_covered_display": "100.00", "missing_lines": 0, "excluded_lines": 0, "num_branches": 0, "num_partial_branches": 0, "covered_branches": 0, "missing_branches": 0}, "missing_lines": [], "excluded_lines": [], "executed_branches": [], "missing_branches": []}}}, "src/hother/cancelable/core/exceptions.py": {"executed_lines": [1, 6, 9, 10, 19, 25, 26, 27, 28, 31, 32, 34, 40, 41, 42, 49, 50, 52, 57, 64, 65, 67, 73, 74, 75, 82, 83, 85, 91, 92, 93, 94, 95, 102, 103, 105, 112, 113, 114, 115, 116, 117], "summary": {"covered_lines": 35, "num_statements": 35, "percent_covered": 100.0, "percent_covered_display": "100.00", "missing_lines": 0, "excluded_lines": 0, "num_branches": 4, "num_partial_branches": 0, "covered_branches": 4, "missing_branches": 0}, "missing_lines": [], "excluded_lines": [], "executed_branches": [[93, 94], [93, 95], [115, 116], [115, 117]], "missing_branches": [], "functions": {"CancelationError.__init__": {"executed_lines": [25, 26, 27, 28], "summary": {"covered_lines": 4, "num_statements": 4, "percent_covered": 100.0, "percent_covered_display": "100.00", "missing_lines": 0, "excluded_lines": 0, "num_branches": 0, "num_partial_branches": 0, "covered_branches": 0, "missing_branches": 0}, "missing_lines": [], "excluded_lines": [], "executed_branches": [], "missing_branches": []}, "TimeoutCancelation.__init__": {"executed_lines": [40, 41, 42], "summary": {"covered_lines": 3, "num_statements": 3, "percent_covered": 100.0, "percent_covered_display": "100.00", "missing_lines": 0, "excluded_lines": 0, "num_branches": 0, "num_partial_branches": 0, "covered_branches": 0, "missing_branches": 0}, "missing_lines": [], "excluded_lines": [], "executed_branches": [], "missing_branches": []}, "ManualCancelation.__init__": {"executed_lines": [57], "summary": {"covered_lines": 1, "num_statements": 1, "percent_covered": 100.0, "percent_covered_display": "100.00", "missing_lines": 0, "excluded_lines": 0, "num_branches": 0, "num_partial_branches": 0, "covered_branches": 0, "missing_branches": 0}, "missing_lines": [], "excluded_lines": [], "executed_branches": [], "missing_branches": []}, "SignalCancelation.__init__": {"executed_lines": [73, 74, 75], "summary": {"covered_lines": 3, "num_statements": 3, "percent_covered": 100.0, "percent_covered_display": "100.00", "missing_lines": 0, "excluded_lines": 0, "num_branches": 0, "num_partial_branches": 0, "covered_branches": 0, "missing_branches": 0}, "missing_lines": [], "excluded_lines": [], "executed_branches": [], "missing_branches": []}, "ConditionCancelation.__init__": {"executed_lines": [91, 92, 93, 94, 95], "summary": {"covered_lines": 5, "num_statements": 5, "percent_covered": 100.0, "percent_covered_display": "100.00", "missing_lines": 0, "excluded_lines": 0, "num_branches": 2, "num_partial_branches": 0, "covered_branches": 2, "missing_branches": 0}, "missing_lines": [], "excluded_lines": [], "executed_branches": [[93, 94], [93, 95]], "missing_branches": []}, "ParentCancelation.__init__": {"executed_lines": [112, 113, 114, 115, 116, 117], "summary": {"covered_lines": 6, "num_statements": 6, "percent_covered": 100.0, "percent_covered_display": "100.00", "missing_lines": 0, "excluded_lines": 0, "num_branches": 2, "num_partial_branches": 0, "covered_branches": 2, "missing_branches": 0}, "missing_lines": [], "excluded_lines": [], "executed_branches": [[115, 116], [115, 117]], "missing_branches": []}, "": {"executed_lines": [1, 6, 9, 10, 19, 31, 32, 34, 49, 50, 52, 64, 65, 67, 82, 83, 85, 102, 103, 105], "summary": {"covered_lines": 13, "num_statements": 13, "percent_covered": 100.0, "percent_covered_display": "100.00", "missing_lines": 0, "excluded_lines": 0, "num_branches": 0, "num_partial_branches": 0, "covered_branches": 0, "missing_branches": 0}, "missing_lines": [], "excluded_lines": [], "executed_branches": [], "missing_branches": []}}, "classes": {"CancelationError": {"executed_lines": [25, 26, 27, 28], "summary": {"covered_lines": 4, "num_statements": 4, "percent_covered": 100.0, "percent_covered_display": "100.00", "missing_lines": 0, "excluded_lines": 0, "num_branches": 0, "num_partial_branches": 0, "covered_branches": 0, "missing_branches": 0}, "missing_lines": [], "excluded_lines": [], "executed_branches": [], "missing_branches": []}, "TimeoutCancelation": {"executed_lines": [40, 41, 42], "summary": {"covered_lines": 3, "num_statements": 3, "percent_covered": 100.0, "percent_covered_display": "100.00", "missing_lines": 0, "excluded_lines": 0, "num_branches": 0, "num_partial_branches": 0, "covered_branches": 0, "missing_branches": 0}, "missing_lines": [], "excluded_lines": [], "executed_branches": [], "missing_branches": []}, "ManualCancelation": {"executed_lines": [57], "summary": {"covered_lines": 1, "num_statements": 1, "percent_covered": 100.0, "percent_covered_display": "100.00", "missing_lines": 0, "excluded_lines": 0, "num_branches": 0, "num_partial_branches": 0, "covered_branches": 0, "missing_branches": 0}, "missing_lines": [], "excluded_lines": [], "executed_branches": [], "missing_branches": []}, "SignalCancelation": {"executed_lines": [73, 74, 75], "summary": {"covered_lines": 3, "num_statements": 3, "percent_covered": 100.0, "percent_covered_display": "100.00", "missing_lines": 0, "excluded_lines": 0, "num_branches": 0, "num_partial_branches": 0, "covered_branches": 0, "missing_branches": 0}, "missing_lines": [], "excluded_lines": [], "executed_branches": [], "missing_branches": []}, "ConditionCancelation": {"executed_lines": [91, 92, 93, 94, 95], "summary": {"covered_lines": 5, "num_statements": 5, "percent_covered": 100.0, "percent_covered_display": "100.00", "missing_lines": 0, "excluded_lines": 0, "num_branches": 2, "num_partial_branches": 0, "covered_branches": 2, "missing_branches": 0}, "missing_lines": [], "excluded_lines": [], "executed_branches": [[93, 94], [93, 95]], "missing_branches": []}, "ParentCancelation": {"executed_lines": [112, 113, 114, 115, 116, 117], "summary": {"covered_lines": 6, "num_statements": 6, "percent_covered": 100.0, "percent_covered_display": "100.00", "missing_lines": 0, "excluded_lines": 0, "num_branches": 2, "num_partial_branches": 0, "covered_branches": 2, "missing_branches": 0}, "missing_lines": [], "excluded_lines": [], "executed_branches": [[115, 116], [115, 117]], "missing_branches": []}, "": {"executed_lines": [1, 6, 9, 10, 19, 31, 32, 34, 49, 50, 52, 64, 65, 67, 82, 83, 85, 102, 103, 105], "summary": {"covered_lines": 13, "num_statements": 13, "percent_covered": 100.0, "percent_covered_display": "100.00", "missing_lines": 0, "excluded_lines": 0, "num_branches": 0, "num_partial_branches": 0, "covered_branches": 0, "missing_branches": 0}, "missing_lines": [], "excluded_lines": [], "executed_branches": [], "missing_branches": []}}}, "src/hother/cancelable/core/models.py": {"executed_lines": [1, 5, 6, 7, 8, 10, 12, 14, 17, 18, 20, 21, 22, 23, 24, 25, 26, 29, 30, 32, 33, 34, 35, 36, 37, 40, 41, 59, 61, 62, 63, 64, 65, 66, 67, 68, 69, 70, 71, 72, 74, 75, 77, 78, 79, 80, 81, 83, 84, 86, 87, 89, 90, 92, 99, 100, 102, 104, 105, 107, 112, 114, 125, 132, 133, 135, 136, 138], "summary": {"covered_lines": 64, "num_statements": 64, "percent_covered": 100.0, "percent_covered_display": "100.00", "missing_lines": 0, "excluded_lines": 0, "num_branches": 6, "num_partial_branches": 0, "covered_branches": 6, "missing_branches": 0}, "missing_lines": [], "excluded_lines": [], "executed_branches": [[77, 78], [77, 79], [79, 80], [79, 81], [135, 136], [135, 138]], "missing_branches": [], "functions": {"OperationContext.duration": {"executed_lines": [77, 78, 79, 80, 81], "summary": {"covered_lines": 5, "num_statements": 5, "percent_covered": 100.0, "percent_covered_display": "100.00", "missing_lines": 0, "excluded_lines": 0, "num_branches": 4, "num_partial_branches": 0, "covered_branches": 4, "missing_branches": 0}, "missing_lines": [], "excluded_lines": [], "executed_branches": [[77, 78], [77, 79], [79, 80], [79, 81]], "missing_branches": []}, "OperationContext.duration_seconds": {"executed_lines": [86, 87], "summary": {"covered_lines": 2, "num_statements": 2, "percent_covered": 100.0, "percent_covered_display": "100.00", "missing_lines": 0, "excluded_lines": 0, "num_branches": 0, "num_partial_branches": 0, "covered_branches": 0, "missing_branches": 0}, "missing_lines": [], "excluded_lines": [], "executed_branches": [], "missing_branches": []}, "OperationContext.is_terminal": {"executed_lines": [92], "summary": {"covered_lines": 1, "num_statements": 1, "percent_covered": 100.0, "percent_covered_display": "100.00", "missing_lines": 0, "excluded_lines": 0, "num_branches": 0, "num_partial_branches": 0, "covered_branches": 0, "missing_branches": 0}, "missing_lines": [], "excluded_lines": [], "executed_branches": [], "missing_branches": []}, "OperationContext.is_success": {"executed_lines": [102], "summary": {"covered_lines": 1, "num_statements": 1, "percent_covered": 100.0, "percent_covered_display": "100.00", "missing_lines": 0, "excluded_lines": 0, "num_branches": 0, "num_partial_branches": 0, "covered_branches": 0, "missing_branches": 0}, "missing_lines": [], "excluded_lines": [], "executed_branches": [], "missing_branches": []}, "OperationContext.is_cancelled": {"executed_lines": [107], "summary": {"covered_lines": 1, "num_statements": 1, "percent_covered": 100.0, "percent_covered_display": "100.00", "missing_lines": 0, "excluded_lines": 0, "num_branches": 0, "num_partial_branches": 0, "covered_branches": 0, "missing_branches": 0}, "missing_lines": [], "excluded_lines": [], "executed_branches": [], "missing_branches": []}, "OperationContext.log_context": {"executed_lines": [114], "summary": {"covered_lines": 1, "num_statements": 1, "percent_covered": 100.0, "percent_covered_display": "100.00", "missing_lines": 0, "excluded_lines": 0, "num_branches": 0, "num_partial_branches": 0, "covered_branches": 0, "missing_branches": 0}, "missing_lines": [], "excluded_lines": [], "executed_branches": [], "missing_branches": []}, "OperationContext.update_status": {"executed_lines": [132, 133, 135, 136, 138], "summary": {"covered_lines": 5, "num_statements": 5, "percent_covered": 100.0, "percent_covered_display": "100.00", "missing_lines": 0, "excluded_lines": 0, "num_branches": 2, "num_partial_branches": 0, "covered_branches": 2, "missing_branches": 0}, "missing_lines": [], "excluded_lines": [], "executed_branches": [[135, 136], [135, 138]], "missing_branches": []}, "": {"executed_lines": [1, 5, 6, 7, 8, 10, 12, 14, 17, 18, 20, 21, 22, 23, 24, 25, 26, 29, 30, 32, 33, 34, 35, 36, 37, 40, 41, 59, 61, 62, 63, 64, 65, 66, 67, 68, 69, 70, 71, 72, 74, 75, 83, 84, 89, 90, 99, 100, 104, 105, 112, 125], "summary": {"covered_lines": 48, "num_statements": 48, "percent_covered": 100.0, "percent_covered_display": "100.00", "missing_lines": 0, "excluded_lines": 0, "num_branches": 0, "num_partial_branches": 0, "covered_branches": 0, "missing_branches": 0}, "missing_lines": [], "excluded_lines": [], "executed_branches": [], "missing_branches": []}}, "classes": {"OperationStatus": {"executed_lines": [], "summary": {"covered_lines": 0, "num_statements": 0, "percent_covered": 100.0, "percent_covered_display": "100.00", "missing_lines": 0, "excluded_lines": 0, "num_branches": 0, "num_partial_branches": 0, "covered_branches": 0, "missing_branches": 0}, "missing_lines": [], "excluded_lines": [], "executed_branches": [], "missing_branches": []}, "CancelationReason": {"executed_lines": [], "summary": {"covered_lines": 0, "num_statements": 0, "percent_covered": 100.0, "percent_covered_display": "100.00", "missing_lines": 0, "excluded_lines": 0, "num_branches": 0, "num_partial_branches": 0, "covered_branches": 0, "missing_branches": 0}, "missing_lines": [], "excluded_lines": [], "executed_branches": [], "missing_branches": []}, "OperationContext": {"executed_lines": [77, 78, 79, 80, 81, 86, 87, 92, 102, 107, 114, 132, 133, 135, 136, 138], "summary": {"covered_lines": 16, "num_statements": 16, "percent_covered": 100.0, "percent_covered_display": "100.00", "missing_lines": 0, "excluded_lines": 0, "num_branches": 6, "num_partial_branches": 0, "covered_branches": 6, "missing_branches": 0}, "missing_lines": [], "excluded_lines": [], "executed_branches": [[77, 78], [77, 79], [79, 80], [79, 81], [135, 136], [135, 138]], "missing_branches": []}, "": {"executed_lines": [1, 5, 6, 7, 8, 10, 12, 14, 17, 18, 20, 21, 22, 23, 24, 25, 26, 29, 30, 32, 33, 34, 35, 36, 37, 40, 41, 59, 61, 62, 63, 64, 65, 66, 67, 68, 69, 70, 71, 72, 74, 75, 83, 84, 89, 90, 99, 100, 104, 105, 112, 125], "summary": {"covered_lines": 48, "num_statements": 48, "percent_covered": 100.0, "percent_covered_display": "100.00", "missing_lines": 0, "excluded_lines": 0, "num_branches": 0, "num_partial_branches": 0, "covered_branches": 0, "missing_branches": 0}, "missing_lines": [], "excluded_lines": [], "executed_branches": [], "missing_branches": []}}}, "src/hother/cancelable/core/registry.py": {"executed_lines": [1, 5, 6, 7, 9, 11, 12, 14, 17, 20, 21, 28, 30, 32, 33, 34, 35, 37, 39, 40, 42, 43, 44, 45, 46, 47, 49, 51, 52, 59, 60, 61, 63, 70, 71, 72, 73, 75, 84, 91, 92, 93, 94, 96, 99, 100, 102, 103, 112, 122, 123, 124, 126, 143, 144, 145, 148, 149, 151, 152, 154, 155, 157, 159, 176, 177, 178, 180, 184, 186, 203, 204, 205, 207, 208, 211, 212, 213, 214, 215, 216, 217, 226, 234, 236, 253, 254, 255, 258, 259, 261, 262, 265, 266, 268, 270, 285, 286, 287, 288, 290, 291, 294, 295, 298, 299, 302, 303, 304, 305, 307, 310, 311, 312, 315, 316, 318, 326, 328, 335, 336, 337, 338, 339, 340, 342, 343, 344, 346, 347, 348, 350, 351, 352, 354, 356, 365, 367, 368, 369, 370, 371, 375, 387, 388, 390, 409, 411, 414, 415, 417, 418, 420, 421, 423, 425, 434, 435, 436, 437, 438, 440, 441, 442, 444, 445, 446, 448, 449, 450, 452, 454, 463, 482, 483, 486, 487, 489, 490, 493, 494, 496, 498, 519, 521, 522, 524, 526, 547, 549, 550, 552], "summary": {"covered_lines": 189, "num_statements": 189, "percent_covered": 100.0, "percent_covered_display": "100.00", "missing_lines": 0, "excluded_lines": 2, "num_branches": 70, "num_partial_branches": 0, "covered_branches": 70, "missing_branches": 0}, "missing_lines": [], "excluded_lines": [14, 15], "executed_branches": [[32, 33], [32, 35], [39, 40], [39, 42], [59, 60], [59, 61], [94, 96], [94, 102], [99, 100], [99, 102], [102, -84], [102, 103], [148, 149], [148, 151], [151, 152], [151, 154], [154, 155], [154, 157], [176, 177], [176, 180], [207, 208], [207, 211], [212, 213], [212, 226], [258, 259], [258, 261], [261, 262], [261, 265], [265, 266], [265, 268], [290, 291], [290, 310], [294, 295], [294, 298], [298, 299], [298, 302], [302, 303], [302, 307], [304, 305], [304, 307], [310, 311], [310, 315], [311, 310], [311, 312], [315, 316], [315, 318], [338, 339], [338, 342], [346, 347], [346, 354], [350, 346], [350, 351], [414, 415], [414, 417], [417, 418], [417, 420], [420, 421], [420, 423], [436, 437], [436, 440], [444, 445], [444, 452], [448, 444], [448, 449], [486, 487], [486, 489], [489, 490], [489, 493], [493, 494], [493, 496]], "missing_branches": [], "functions": {"OperationRegistry.__new__": {"executed_lines": [32, 33, 34, 35], "summary": {"covered_lines": 4, "num_statements": 4, "percent_covered": 100.0, "percent_covered_display": "100.00", "missing_lines": 0, "excluded_lines": 0, "num_branches": 2, "num_partial_branches": 0, "covered_branches": 2, "missing_branches": 0}, "missing_lines": [], "excluded_lines": [], "executed_branches": [[32, 33], [32, 35]], "missing_branches": []}, "OperationRegistry.__init__": {"executed_lines": [39, 40, 42, 43, 44, 45, 46, 47, 49], "summary": {"covered_lines": 9, "num_statements": 9, "percent_covered": 100.0, "percent_covered_display": "100.00", "missing_lines": 0, "excluded_lines": 0, "num_branches": 2, "num_partial_branches": 0, "covered_branches": 2, "missing_branches": 0}, "missing_lines": [], "excluded_lines": [], "executed_branches": [[39, 40], [39, 42]], "missing_branches": []}, "OperationRegistry.get_instance": {"executed_lines": [59, 60, 61], "summary": {"covered_lines": 3, "num_statements": 3, "percent_covered": 100.0, "percent_covered_display": "100.00", "missing_lines": 0, "excluded_lines": 0, "num_branches": 2, "num_partial_branches": 0, "covered_branches": 2, "missing_branches": 0}, "missing_lines": [], "excluded_lines": [], "executed_branches": [[59, 60], [59, 61]], "missing_branches": []}, "OperationRegistry.register": {"executed_lines": [70, 71, 72, 73, 75], "summary": {"covered_lines": 5, "num_statements": 5, "percent_covered": 100.0, "percent_covered_display": "100.00", "missing_lines": 0, "excluded_lines": 0, "num_branches": 0, "num_partial_branches": 0, "covered_branches": 0, "missing_branches": 0}, "missing_lines": [], "excluded_lines": [], "executed_branches": [], "missing_branches": []}, "OperationRegistry.unregister": {"executed_lines": [91, 92, 93, 94, 96, 99, 100, 102, 103], "summary": {"covered_lines": 9, "num_statements": 9, "percent_covered": 100.0, "percent_covered_display": "100.00", "missing_lines": 0, "excluded_lines": 0, "num_branches": 6, "num_partial_branches": 0, "covered_branches": 6, "missing_branches": 0}, "missing_lines": [], "excluded_lines": [], "executed_branches": [[94, 96], [94, 102], [99, 100], [99, 102], [102, -84], [102, 103]], "missing_branches": []}, "OperationRegistry.get_operation": {"executed_lines": [122, 123, 124], "summary": {"covered_lines": 3, "num_statements": 3, "percent_covered": 100.0, "percent_covered_display": "100.00", "missing_lines": 0, "excluded_lines": 0, "num_branches": 0, "num_partial_branches": 0, "covered_branches": 0, "missing_branches": 0}, "missing_lines": [], "excluded_lines": [], "executed_branches": [], "missing_branches": []}, "OperationRegistry.list_operations": {"executed_lines": [143, 144, 145, 148, 149, 151, 152, 154, 155, 157], "summary": {"covered_lines": 10, "num_statements": 10, "percent_covered": 100.0, "percent_covered_display": "100.00", "missing_lines": 0, "excluded_lines": 0, "num_branches": 6, "num_partial_branches": 0, "covered_branches": 6, "missing_branches": 0}, "missing_lines": [], "excluded_lines": [], "executed_branches": [[148, 149], [148, 151], [151, 152], [151, 154], [154, 155], [154, 157]], "missing_branches": []}, "OperationRegistry.cancel_operation": {"executed_lines": [176, 177, 178, 180, 184], "summary": {"covered_lines": 5, "num_statements": 5, "percent_covered": 100.0, "percent_covered_display": "100.00", "missing_lines": 0, "excluded_lines": 0, "num_branches": 2, "num_partial_branches": 0, "covered_branches": 2, "missing_branches": 0}, "missing_lines": [], "excluded_lines": [], "executed_branches": [[176, 177], [176, 180]], "missing_branches": []}, "OperationRegistry.cancel_all": {"executed_lines": [203, 204, 205, 207, 208, 211, 212, 213, 214, 215, 216, 217, 226, 234], "summary": {"covered_lines": 14, "num_statements": 14, "percent_covered": 100.0, "percent_covered_display": "100.00", "missing_lines": 0, "excluded_lines": 0, "num_branches": 4, "num_partial_branches": 0, "covered_branches": 4, "missing_branches": 0}, "missing_lines": [], "excluded_lines": [], "executed_branches": [[207, 208], [207, 211], [212, 213], [212, 226]], "missing_branches": []}, "OperationRegistry.get_history": {"executed_lines": [253, 254, 255, 258, 259, 261, 262, 265, 266, 268], "summary": {"covered_lines": 10, "num_statements": 10, "percent_covered": 100.0, "percent_covered_display": "100.00", "missing_lines": 0, "excluded_lines": 0, "num_branches": 6, "num_partial_branches": 0, "covered_branches": 6, "missing_branches": 0}, "missing_lines": [], "excluded_lines": [], "executed_branches": [[258, 259], [258, 261], [261, 262], [261, 265], [265, 266], [265, 268]], "missing_branches": []}, "OperationRegistry.cleanup_completed": {"executed_lines": [285, 286, 287, 288, 290, 291, 294, 295, 298, 299, 302, 303, 304, 305, 307, 310, 311, 312, 315, 316, 318, 326], "summary": {"covered_lines": 22, "num_statements": 22, "percent_covered": 100.0, "percent_covered_display": "100.00", "missing_lines": 0, "excluded_lines": 0, "num_branches": 16, "num_partial_branches": 0, "covered_branches": 16, "missing_branches": 0}, "missing_lines": [], "excluded_lines": [], "executed_branches": [[290, 291], [290, 310], [294, 295], [294, 298], [298, 299], [298, 302], [302, 303], [302, 307], [304, 305], [304, 307], [310, 311], [310, 315], [311, 310], [311, 312], [315, 316], [315, 318]], "missing_branches": []}, "OperationRegistry.get_statistics": {"executed_lines": [335, 336, 337, 338, 339, 340, 342, 343, 344, 346, 347, 348, 350, 351, 352, 354, 356], "summary": {"covered_lines": 17, "num_statements": 17, "percent_covered": 100.0, "percent_covered_display": "100.00", "missing_lines": 0, "excluded_lines": 0, "num_branches": 6, "num_partial_branches": 0, "covered_branches": 6, "missing_branches": 0}, "missing_lines": [], "excluded_lines": [], "executed_branches": [[338, 339], [338, 342], [346, 347], [346, 354], [350, 346], [350, 351]], "missing_branches": []}, "OperationRegistry.clear_all": {"executed_lines": [367, 368, 369, 370, 371], "summary": {"covered_lines": 5, "num_statements": 5, "percent_covered": 100.0, "percent_covered_display": "100.00", "missing_lines": 0, "excluded_lines": 0, "num_branches": 0, "num_partial_branches": 0, "covered_branches": 0, "missing_branches": 0}, "missing_lines": [], "excluded_lines": [], "executed_branches": [], "missing_branches": []}, "OperationRegistry.get_operation_sync": {"executed_lines": [387, 388], "summary": {"covered_lines": 2, "num_statements": 2, "percent_covered": 100.0, "percent_covered_display": "100.00", "missing_lines": 0, "excluded_lines": 0, "num_branches": 0, "num_partial_branches": 0, "covered_branches": 0, "missing_branches": 0}, "missing_lines": [], "excluded_lines": [], "executed_branches": [], "missing_branches": []}, "OperationRegistry.list_operations_sync": {"executed_lines": [409, 411, 414, 415, 417, 418, 420, 421, 423], "summary": {"covered_lines": 9, "num_statements": 9, "percent_covered": 100.0, "percent_covered_display": "100.00", "missing_lines": 0, "excluded_lines": 0, "num_branches": 6, "num_partial_branches": 0, "covered_branches": 6, "missing_branches": 0}, "missing_lines": [], "excluded_lines": [], "executed_branches": [[414, 415], [414, 417], [417, 418], [417, 420], [420, 421], [420, 423]], "missing_branches": []}, "OperationRegistry.get_statistics_sync": {"executed_lines": [434, 435, 436, 437, 438, 440, 441, 442, 444, 445, 446, 448, 449, 450, 452, 454], "summary": {"covered_lines": 16, "num_statements": 16, "percent_covered": 100.0, "percent_covered_display": "100.00", "missing_lines": 0, "excluded_lines": 0, "num_branches": 6, "num_partial_branches": 0, "covered_branches": 6, "missing_branches": 0}, "missing_lines": [], "excluded_lines": [], "executed_branches": [[436, 437], [436, 440], [444, 445], [444, 452], [448, 444], [448, 449]], "missing_branches": []}, "OperationRegistry.get_history_sync": {"executed_lines": [482, 483, 486, 487, 489, 490, 493, 494, 496], "summary": {"covered_lines": 9, "num_statements": 9, "percent_covered": 100.0, "percent_covered_display": "100.00", "missing_lines": 0, "excluded_lines": 0, "num_branches": 6, "num_partial_branches": 0, "covered_branches": 6, "missing_branches": 0}, "missing_lines": [], "excluded_lines": [], "executed_branches": [[486, 487], [486, 489], [489, 490], [489, 493], [493, 494], [493, 496]], "missing_branches": []}, "OperationRegistry.cancel_operation_sync": {"executed_lines": [519, 521, 524], "summary": {"covered_lines": 3, "num_statements": 3, "percent_covered": 100.0, "percent_covered_display": "100.00", "missing_lines": 0, "excluded_lines": 0, "num_branches": 0, "num_partial_branches": 0, "covered_branches": 0, "missing_branches": 0}, "missing_lines": [], "excluded_lines": [], "executed_branches": [], "missing_branches": []}, "OperationRegistry.cancel_operation_sync.do_cancel": {"executed_lines": [522], "summary": {"covered_lines": 1, "num_statements": 1, "percent_covered": 100.0, "percent_covered_display": "100.00", "missing_lines": 0, "excluded_lines": 0, "num_branches": 0, "num_partial_branches": 0, "covered_branches": 0, "missing_branches": 0}, "missing_lines": [], "excluded_lines": [], "executed_branches": [], "missing_branches": []}, "OperationRegistry.cancel_all_sync": {"executed_lines": [547, 549, 552], "summary": {"covered_lines": 3, "num_statements": 3, "percent_covered": 100.0, "percent_covered_display": "100.00", "missing_lines": 0, "excluded_lines": 0, "num_branches": 0, "num_partial_branches": 0, "covered_branches": 0, "missing_branches": 0}, "missing_lines": [], "excluded_lines": [], "executed_branches": [], "missing_branches": []}, "OperationRegistry.cancel_all_sync.do_cancel": {"executed_lines": [550], "summary": {"covered_lines": 1, "num_statements": 1, "percent_covered": 100.0, "percent_covered_display": "100.00", "missing_lines": 0, "excluded_lines": 0, "num_branches": 0, "num_partial_branches": 0, "covered_branches": 0, "missing_branches": 0}, "missing_lines": [], "excluded_lines": [], "executed_branches": [], "missing_branches": []}, "": {"executed_lines": [1, 5, 6, 7, 9, 11, 12, 14, 17, 20, 21, 28, 30, 37, 51, 52, 63, 84, 112, 126, 159, 186, 236, 270, 328, 365, 375, 390, 425, 463, 498, 526], "summary": {"covered_lines": 29, "num_statements": 29, "percent_covered": 100.0, "percent_covered_display": "100.00", "missing_lines": 0, "excluded_lines": 2, "num_branches": 0, "num_partial_branches": 0, "covered_branches": 0, "missing_branches": 0}, "missing_lines": [], "excluded_lines": [14, 15], "executed_branches": [], "missing_branches": []}}, "classes": {"OperationRegistry": {"executed_lines": [32, 33, 34, 35, 39, 40, 42, 43, 44, 45, 46, 47, 49, 59, 60, 61, 70, 71, 72, 73, 75, 91, 92, 93, 94, 96, 99, 100, 102, 103, 122, 123, 124, 143, 144, 145, 148, 149, 151, 152, 154, 155, 157, 176, 177, 178, 180, 184, 203, 204, 205, 207, 208, 211, 212, 213, 214, 215, 216, 217, 226, 234, 253, 254, 255, 258, 259, 261, 262, 265, 266, 268, 285, 286, 287, 288, 290, 291, 294, 295, 298, 299, 302, 303, 304, 305, 307, 310, 311, 312, 315, 316, 318, 326, 335, 336, 337, 338, 339, 340, 342, 343, 344, 346, 347, 348, 350, 351, 352, 354, 356, 367, 368, 369, 370, 371, 387, 388, 409, 411, 414, 415, 417, 418, 420, 421, 423, 434, 435, 436, 437, 438, 440, 441, 442, 444, 445, 446, 448, 449, 450, 452, 454, 482, 483, 486, 487, 489, 490, 493, 494, 496, 519, 521, 522, 524, 547, 549, 550, 552], "summary": {"covered_lines": 160, "num_statements": 160, "percent_covered": 100.0, "percent_covered_display": "100.00", "missing_lines": 0, "excluded_lines": 0, "num_branches": 70, "num_partial_branches": 0, "covered_branches": 70, "missing_branches": 0}, "missing_lines": [], "excluded_lines": [], "executed_branches": [[32, 33], [32, 35], [39, 40], [39, 42], [59, 60], [59, 61], [94, 96], [94, 102], [99, 100], [99, 102], [102, -84], [102, 103], [148, 149], [148, 151], [151, 152], [151, 154], [154, 155], [154, 157], [176, 177], [176, 180], [207, 208], [207, 211], [212, 213], [212, 226], [258, 259], [258, 261], [261, 262], [261, 265], [265, 266], [265, 268], [290, 291], [290, 310], [294, 295], [294, 298], [298, 299], [298, 302], [302, 303], [302, 307], [304, 305], [304, 307], [310, 311], [310, 315], [311, 310], [311, 312], [315, 316], [315, 318], [338, 339], [338, 342], [346, 347], [346, 354], [350, 346], [350, 351], [414, 415], [414, 417], [417, 418], [417, 420], [420, 421], [420, 423], [436, 437], [436, 440], [444, 445], [444, 452], [448, 444], [448, 449], [486, 487], [486, 489], [489, 490], [489, 493], [493, 494], [493, 496]], "missing_branches": []}, "": {"executed_lines": [1, 5, 6, 7, 9, 11, 12, 14, 17, 20, 21, 28, 30, 37, 51, 52, 63, 84, 112, 126, 159, 186, 236, 270, 328, 365, 375, 390, 425, 463, 498, 526], "summary": {"covered_lines": 29, "num_statements": 29, "percent_covered": 100.0, "percent_covered_display": "100.00", "missing_lines": 0, "excluded_lines": 2, "num_branches": 0, "num_partial_branches": 0, "covered_branches": 0, "missing_branches": 0}, "missing_lines": [], "excluded_lines": [14, 15], "executed_branches": [], "missing_branches": []}}}, "src/hother/cancelable/core/token.py": {"executed_lines": [1, 5, 7, 8, 9, 10, 11, 13, 14, 16, 17, 18, 19, 21, 24, 25, 36, 38, 39, 40, 41, 42, 45, 46, 47, 48, 50, 51, 52, 53, 54, 55, 57, 59, 61, 63, 65, 66, 67, 69, 84, 85, 86, 87, 94, 96, 97, 98, 99, 100, 102, 113, 114, 115, 116, 117, 118, 119, 129, 130, 132, 157, 160, 161, 162, 169, 171, 172, 173, 174, 176, 186, 189, 191, 192, 194, 201, 202, 204, 206, 213, 214, 216, 225, 227, 228, 229, 230, 231, 232, 233, 239, 241, 243, 245, 252, 253, 254, 258, 265, 266, 267, 269, 276, 278, 287, 288, 289, 290, 293, 294, 295, 296, 297, 298, 307, 309, 310, 311, 313, 315, 318, 319, 325, 326, 327, 329, 340, 341, 343, 349, 354, 355, 357], "summary": {"covered_lines": 129, "num_statements": 129, "percent_covered": 100.0, "percent_covered_display": "100.00", "missing_lines": 0, "excluded_lines": 3, "num_branches": 20, "num_partial_branches": 0, "covered_branches": 20, "missing_branches": 0}, "missing_lines": [], "excluded_lines": [313, 314, 315], "executed_branches": [[65, 66], [65, 67], [86, 87], [86, 96], [113, 114], [113, 129], [161, 162], [161, 171], [225, -206], [225, 227], [252, -245], [252, 253], [265, -258], [265, 266], [293, -278], [293, 294], [309, 310], [309, 311], [341, 343], [341, 349]], "missing_branches": [], "functions": {"CancelationToken.__init__": {"executed_lines": [51, 52, 53, 54, 55, 57], "summary": {"covered_lines": 6, "num_statements": 6, "percent_covered": 100.0, "percent_covered_display": "100.00", "missing_lines": 0, "excluded_lines": 0, "num_branches": 0, "num_partial_branches": 0, "covered_branches": 0, "missing_branches": 0}, "missing_lines": [], "excluded_lines": [], "executed_branches": [], "missing_branches": []}, "CancelationToken.__hash__": {"executed_lines": [61], "summary": {"covered_lines": 1, "num_statements": 1, "percent_covered": 100.0, "percent_covered_display": "100.00", "missing_lines": 0, "excluded_lines": 0, "num_branches": 0, "num_partial_branches": 0, "covered_branches": 0, "missing_branches": 0}, "missing_lines": [], "excluded_lines": [], "executed_branches": [], "missing_branches": []}, "CancelationToken.__eq__": {"executed_lines": [65, 66, 67], "summary": {"covered_lines": 3, "num_statements": 3, "percent_covered": 100.0, "percent_covered_display": "100.00", "missing_lines": 0, "excluded_lines": 0, "num_branches": 2, "num_partial_branches": 0, "covered_branches": 2, "missing_branches": 0}, "missing_lines": [], "excluded_lines": [], "executed_branches": [[65, 66], [65, 67]], "missing_branches": []}, "CancelationToken.cancel": {"executed_lines": [84, 85, 86, 87, 94, 96, 97, 98, 99, 100, 102, 113, 114, 115, 116, 117, 118, 119, 129, 130], "summary": {"covered_lines": 20, "num_statements": 20, "percent_covered": 100.0, "percent_covered_display": "100.00", "missing_lines": 0, "excluded_lines": 0, "num_branches": 4, "num_partial_branches": 0, "covered_branches": 4, "missing_branches": 0}, "missing_lines": [], "excluded_lines": [], "executed_branches": [[86, 87], [86, 96], [113, 114], [113, 129]], "missing_branches": []}, "CancelationToken.cancel_sync": {"executed_lines": [157, 160, 161, 162, 169, 171, 172, 173, 174, 176, 186, 189, 191, 192], "summary": {"covered_lines": 14, "num_statements": 14, "percent_covered": 100.0, "percent_covered_display": "100.00", "missing_lines": 0, "excluded_lines": 0, "num_branches": 2, "num_partial_branches": 0, "covered_branches": 2, "missing_branches": 0}, "missing_lines": [], "excluded_lines": [], "executed_branches": [[161, 162], [161, 171]], "missing_branches": []}, "CancelationToken._notify_async_waiters": {"executed_lines": [201, 204], "summary": {"covered_lines": 2, "num_statements": 2, "percent_covered": 100.0, "percent_covered_display": "100.00", "missing_lines": 0, "excluded_lines": 0, "num_branches": 0, "num_partial_branches": 0, "covered_branches": 0, "missing_branches": 0}, "missing_lines": [], "excluded_lines": [], "executed_branches": [], "missing_branches": []}, "CancelationToken._notify_async_waiters.set_event": {"executed_lines": [202], "summary": {"covered_lines": 1, "num_statements": 1, "percent_covered": 100.0, "percent_covered_display": "100.00", "missing_lines": 0, "excluded_lines": 0, "num_branches": 0, "num_partial_branches": 0, "covered_branches": 0, "missing_branches": 0}, "missing_lines": [], "excluded_lines": [], "executed_branches": [], "missing_branches": []}, "CancelationToken._schedule_callbacks": {"executed_lines": [213, 214, 216, 225, 227, 239], "summary": {"covered_lines": 6, "num_statements": 6, "percent_covered": 100.0, "percent_covered_display": "100.00", "missing_lines": 0, "excluded_lines": 0, "num_branches": 2, "num_partial_branches": 0, "covered_branches": 2, "missing_branches": 0}, "missing_lines": [], "excluded_lines": [], "executed_branches": [[225, -206], [225, 227]], "missing_branches": []}, "CancelationToken._schedule_callbacks.run_callback": {"executed_lines": [228, 229, 230, 231, 232, 233], "summary": {"covered_lines": 6, "num_statements": 6, "percent_covered": 100.0, "percent_covered_display": "100.00", "missing_lines": 0, "excluded_lines": 0, "num_branches": 0, "num_partial_branches": 0, "covered_branches": 0, "missing_branches": 0}, "missing_lines": [], "excluded_lines": [], "executed_branches": [], "missing_branches": []}, "CancelationToken.wait_for_cancel": {"executed_lines": [243], "summary": {"covered_lines": 1, "num_statements": 1, "percent_covered": 100.0, "percent_covered_display": "100.00", "missing_lines": 0, "excluded_lines": 0, "num_branches": 0, "num_partial_branches": 0, "covered_branches": 0, "missing_branches": 0}, "missing_lines": [], "excluded_lines": [], "executed_branches": [], "missing_branches": []}, "CancelationToken.check": {"executed_lines": [252, 253, 254], "summary": {"covered_lines": 3, "num_statements": 3, "percent_covered": 100.0, "percent_covered_display": "100.00", "missing_lines": 0, "excluded_lines": 0, "num_branches": 2, "num_partial_branches": 0, "covered_branches": 2, "missing_branches": 0}, "missing_lines": [], "excluded_lines": [], "executed_branches": [[252, -245], [252, 253]], "missing_branches": []}, "CancelationToken.check_async": {"executed_lines": [265, 266, 267], "summary": {"covered_lines": 3, "num_statements": 3, "percent_covered": 100.0, "percent_covered_display": "100.00", "missing_lines": 0, "excluded_lines": 0, "num_branches": 2, "num_partial_branches": 0, "covered_branches": 2, "missing_branches": 0}, "missing_lines": [], "excluded_lines": [], "executed_branches": [[265, -258], [265, 266]], "missing_branches": []}, "CancelationToken.is_cancelation_requested": {"executed_lines": [276], "summary": {"covered_lines": 1, "num_statements": 1, "percent_covered": 100.0, "percent_covered_display": "100.00", "missing_lines": 0, "excluded_lines": 0, "num_branches": 0, "num_partial_branches": 0, "covered_branches": 0, "missing_branches": 0}, "missing_lines": [], "excluded_lines": [], "executed_branches": [], "missing_branches": []}, "CancelationToken.register_callback": {"executed_lines": [287, 288, 289, 290, 293, 294, 295, 296, 297, 298], "summary": {"covered_lines": 10, "num_statements": 10, "percent_covered": 100.0, "percent_covered_display": "100.00", "missing_lines": 0, "excluded_lines": 0, "num_branches": 2, "num_partial_branches": 0, "covered_branches": 2, "missing_branches": 0}, "missing_lines": [], "excluded_lines": [], "executed_branches": [[293, -278], [293, 294]], "missing_branches": []}, "CancelationToken.__str__": {"executed_lines": [309, 310, 311], "summary": {"covered_lines": 3, "num_statements": 3, "percent_covered": 100.0, "percent_covered_display": "100.00", "missing_lines": 0, "excluded_lines": 0, "num_branches": 2, "num_partial_branches": 0, "covered_branches": 2, "missing_branches": 0}, "missing_lines": [], "excluded_lines": [], "executed_branches": [[309, 310], [309, 311]], "missing_branches": []}, "CancelationToken.__repr__": {"executed_lines": [315], "summary": {"covered_lines": 0, "num_statements": 0, "percent_covered": 100.0, "percent_covered_display": "100.00", "missing_lines": 0, "excluded_lines": 2, "num_branches": 0, "num_partial_branches": 0, "covered_branches": 0, "missing_branches": 0}, "missing_lines": [], "excluded_lines": [314, 315], "executed_branches": [], "missing_branches": []}, "LinkedCancelationToken.__init__": {"executed_lines": [326, 327], "summary": {"covered_lines": 2, "num_statements": 2, "percent_covered": 100.0, "percent_covered_display": "100.00", "missing_lines": 0, "excluded_lines": 0, "num_branches": 0, "num_partial_branches": 0, "covered_branches": 0, "missing_branches": 0}, "missing_lines": [], "excluded_lines": [], "executed_branches": [], "missing_branches": []}, "LinkedCancelationToken.link": {"executed_lines": [340, 354, 355, 357], "summary": {"covered_lines": 4, "num_statements": 4, "percent_covered": 100.0, "percent_covered_display": "100.00", "missing_lines": 0, "excluded_lines": 0, "num_branches": 0, "num_partial_branches": 0, "covered_branches": 0, "missing_branches": 0}, "missing_lines": [], "excluded_lines": [], "executed_branches": [], "missing_branches": []}, "LinkedCancelationToken.link.on_linked_cancel": {"executed_lines": [341, 343, 349], "summary": {"covered_lines": 3, "num_statements": 3, "percent_covered": 100.0, "percent_covered_display": "100.00", "missing_lines": 0, "excluded_lines": 0, "num_branches": 2, "num_partial_branches": 0, "covered_branches": 2, "missing_branches": 0}, "missing_lines": [], "excluded_lines": [], "executed_branches": [[341, 343], [341, 349]], "missing_branches": []}, "": {"executed_lines": [1, 5, 7, 8, 9, 10, 11, 13, 14, 16, 17, 18, 19, 21, 24, 25, 36, 38, 39, 40, 41, 42, 45, 46, 47, 48, 50, 59, 63, 69, 132, 194, 206, 241, 245, 258, 269, 278, 307, 313, 318, 319, 325, 329], "summary": {"covered_lines": 40, "num_statements": 40, "percent_covered": 100.0, "percent_covered_display": "100.00", "missing_lines": 0, "excluded_lines": 1, "num_branches": 0, "num_partial_branches": 0, "covered_branches": 0, "missing_branches": 0}, "missing_lines": [], "excluded_lines": [313], "executed_branches": [], "missing_branches": []}}, "classes": {"CancelationToken": {"executed_lines": [51, 52, 53, 54, 55, 57, 61, 65, 66, 67, 84, 85, 86, 87, 94, 96, 97, 98, 99, 100, 102, 113, 114, 115, 116, 117, 118, 119, 129, 130, 157, 160, 161, 162, 169, 171, 172, 173, 174, 176, 186, 189, 191, 192, 201, 202, 204, 213, 214, 216, 225, 227, 228, 229, 230, 231, 232, 233, 239, 243, 252, 253, 254, 265, 266, 267, 276, 287, 288, 289, 290, 293, 294, 295, 296, 297, 298, 309, 310, 311, 315], "summary": {"covered_lines": 80, "num_statements": 80, "percent_covered": 100.0, "percent_covered_display": "100.00", "missing_lines": 0, "excluded_lines": 2, "num_branches": 18, "num_partial_branches": 0, "covered_branches": 18, "missing_branches": 0}, "missing_lines": [], "excluded_lines": [314, 315], "executed_branches": [[65, 66], [65, 67], [86, 87], [86, 96], [113, 114], [113, 129], [161, 162], [161, 171], [225, -206], [225, 227], [252, -245], [252, 253], [265, -258], [265, 266], [293, -278], [293, 294], [309, 310], [309, 311]], "missing_branches": []}, "LinkedCancelationToken": {"executed_lines": [326, 327, 340, 341, 343, 349, 354, 355, 357], "summary": {"covered_lines": 9, "num_statements": 9, "percent_covered": 100.0, "percent_covered_display": "100.00", "missing_lines": 0, "excluded_lines": 0, "num_branches": 2, "num_partial_branches": 0, "covered_branches": 2, "missing_branches": 0}, "missing_lines": [], "excluded_lines": [], "executed_branches": [[341, 343], [341, 349]], "missing_branches": []}, "": {"executed_lines": [1, 5, 7, 8, 9, 10, 11, 13, 14, 16, 17, 18, 19, 21, 24, 25, 36, 38, 39, 40, 41, 42, 45, 46, 47, 48, 50, 59, 63, 69, 132, 194, 206, 241, 245, 258, 269, 278, 307, 313, 318, 319, 325, 329], "summary": {"covered_lines": 40, "num_statements": 40, "percent_covered": 100.0, "percent_covered_display": "100.00", "missing_lines": 0, "excluded_lines": 1, "num_branches": 0, "num_partial_branches": 0, "covered_branches": 0, "missing_branches": 0}, "missing_lines": [], "excluded_lines": [313], "executed_branches": [], "missing_branches": []}}}, "src/hother/cancelable/integrations/fastapi.py": {"executed_lines": [1, 5, 6, 8, 9, 10, 11, 13, 14, 15, 16, 18, 21, 22, 26, 34, 35, 37, 39, 41, 42, 45, 46, 47, 48, 49, 50, 53, 54, 55, 57, 60, 70, 71, 74, 75, 76, 79, 101, 104, 105, 111, 114, 115, 117, 118, 119, 120, 122, 125, 148, 149, 150, 152, 153, 154, 156, 157, 158, 159, 160, 161, 162, 165, 167, 169, 172, 205, 206, 207, 208, 209, 211, 219, 220, 222, 229, 230, 234, 235, 236, 238, 240, 241, 243, 245, 246, 248, 250, 251, 253, 255, 256, 258, 260, 261, 263, 265, 266], "summary": {"covered_lines": 96, "num_statements": 96, "percent_covered": 100.0, "percent_covered_display": "100.00", "missing_lines": 0, "excluded_lines": 0, "num_branches": 18, "num_partial_branches": 0, "covered_branches": 18, "missing_branches": 0}, "missing_lines": [], "excluded_lines": [], "executed_branches": [[39, 41], [39, 57], [48, 46], [48, 49], [70, 71], [70, 74], [114, 115], [114, 122], [157, 158], [157, 165], [158, 159], [158, 160], [160, 161], [160, 162], [207, -205], [207, 208], [219, -205], [219, 220]], "missing_branches": [], "functions": {"RequestCancelationMiddleware.__init__": {"executed_lines": [34, 35], "summary": {"covered_lines": 2, "num_statements": 2, "percent_covered": 100.0, "percent_covered_display": "100.00", "missing_lines": 0, "excluded_lines": 0, "num_branches": 0, "num_partial_branches": 0, "covered_branches": 0, "missing_branches": 0}, "missing_lines": [], "excluded_lines": [], "executed_branches": [], "missing_branches": []}, "RequestCancelationMiddleware.__call__": {"executed_lines": [39, 41, 42, 45, 53, 54, 55, 57], "summary": {"covered_lines": 8, "num_statements": 8, "percent_covered": 100.0, "percent_covered_display": "100.00", "missing_lines": 0, "excluded_lines": 0, "num_branches": 2, "num_partial_branches": 0, "covered_branches": 2, "missing_branches": 0}, "missing_lines": [], "excluded_lines": [], "executed_branches": [[39, 41], [39, 57]], "missing_branches": []}, "RequestCancelationMiddleware.__call__.monitor_disconnect": {"executed_lines": [46, 47, 48, 49, 50], "summary": {"covered_lines": 5, "num_statements": 5, "percent_covered": 100.0, "percent_covered_display": "100.00", "missing_lines": 0, "excluded_lines": 0, "num_branches": 2, "num_partial_branches": 0, "covered_branches": 2, "missing_branches": 0}, "missing_lines": [], "excluded_lines": [], "executed_branches": [[48, 46], [48, 49]], "missing_branches": []}, "get_request_token": {"executed_lines": [70, 71, 74, 75, 76], "summary": {"covered_lines": 5, "num_statements": 5, "percent_covered": 100.0, "percent_covered_display": "100.00", "missing_lines": 0, "excluded_lines": 0, "num_branches": 2, "num_partial_branches": 0, "covered_branches": 2, "missing_branches": 0}, "missing_lines": [], "excluded_lines": [], "executed_branches": [[70, 71], [70, 74]], "missing_branches": []}, "cancelable_dependency": {"executed_lines": [101, 104, 105, 111, 114, 115, 117, 118, 119, 120, 122], "summary": {"covered_lines": 11, "num_statements": 11, "percent_covered": 100.0, "percent_covered_display": "100.00", "missing_lines": 0, "excluded_lines": 0, "num_branches": 2, "num_partial_branches": 0, "covered_branches": 2, "missing_branches": 0}, "missing_lines": [], "excluded_lines": [], "executed_branches": [[114, 115], [114, 122]], "missing_branches": []}, "with_cancelation": {"executed_lines": [148, 169], "summary": {"covered_lines": 2, "num_statements": 2, "percent_covered": 100.0, "percent_covered_display": "100.00", "missing_lines": 0, "excluded_lines": 0, "num_branches": 0, "num_partial_branches": 0, "covered_branches": 0, "missing_branches": 0}, "missing_lines": [], "excluded_lines": [], "executed_branches": [], "missing_branches": []}, "with_cancelation.decorator": {"executed_lines": [149, 167], "summary": {"covered_lines": 2, "num_statements": 2, "percent_covered": 100.0, "percent_covered_display": "100.00", "missing_lines": 0, "excluded_lines": 0, "num_branches": 0, "num_partial_branches": 0, "covered_branches": 0, "missing_branches": 0}, "missing_lines": [], "excluded_lines": [], "executed_branches": [], "missing_branches": []}, "with_cancelation.decorator.wrapper": {"executed_lines": [150, 152, 153, 154, 156, 157, 158, 159, 160, 161, 162, 165], "summary": {"covered_lines": 12, "num_statements": 12, "percent_covered": 100.0, "percent_covered_display": "100.00", "missing_lines": 0, "excluded_lines": 0, "num_branches": 6, "num_partial_branches": 0, "covered_branches": 6, "missing_branches": 0}, "missing_lines": [], "excluded_lines": [], "executed_branches": [[157, 158], [157, 165], [158, 159], [158, 160], [160, 161], [160, 162]], "missing_branches": []}, "cancelable_streaming_response": {"executed_lines": [205, 222], "summary": {"covered_lines": 2, "num_statements": 2, "percent_covered": 100.0, "percent_covered_display": "100.00", "missing_lines": 0, "excluded_lines": 0, "num_branches": 0, "num_partial_branches": 0, "covered_branches": 0, "missing_branches": 0}, "missing_lines": [], "excluded_lines": [], "executed_branches": [], "missing_branches": []}, "cancelable_streaming_response.wrapped_generator": {"executed_lines": [206, 207, 208, 209, 211, 219, 220], "summary": {"covered_lines": 7, "num_statements": 7, "percent_covered": 100.0, "percent_covered_display": "100.00", "missing_lines": 0, "excluded_lines": 0, "num_branches": 4, "num_partial_branches": 0, "covered_branches": 4, "missing_branches": 0}, "missing_lines": [], "excluded_lines": [], "executed_branches": [[207, -205], [207, 208], [219, -205], [219, 220]], "missing_branches": []}, "CancelableWebSocket.__init__": {"executed_lines": [235, 236], "summary": {"covered_lines": 2, "num_statements": 2, "percent_covered": 100.0, "percent_covered_display": "100.00", "missing_lines": 0, "excluded_lines": 0, "num_branches": 0, "num_partial_branches": 0, "covered_branches": 0, "missing_branches": 0}, "missing_lines": [], "excluded_lines": [], "executed_branches": [], "missing_branches": []}, "CancelableWebSocket.accept": {"executed_lines": [240, 241], "summary": {"covered_lines": 2, "num_statements": 2, "percent_covered": 100.0, "percent_covered_display": "100.00", "missing_lines": 0, "excluded_lines": 0, "num_branches": 0, "num_partial_branches": 0, "covered_branches": 0, "missing_branches": 0}, "missing_lines": [], "excluded_lines": [], "executed_branches": [], "missing_branches": []}, "CancelableWebSocket.send_text": {"executed_lines": [245, 246], "summary": {"covered_lines": 2, "num_statements": 2, "percent_covered": 100.0, "percent_covered_display": "100.00", "missing_lines": 0, "excluded_lines": 0, "num_branches": 0, "num_partial_branches": 0, "covered_branches": 0, "missing_branches": 0}, "missing_lines": [], "excluded_lines": [], "executed_branches": [], "missing_branches": []}, "CancelableWebSocket.send_json": {"executed_lines": [250, 251], "summary": {"covered_lines": 2, "num_statements": 2, "percent_covered": 100.0, "percent_covered_display": "100.00", "missing_lines": 0, "excluded_lines": 0, "num_branches": 0, "num_partial_branches": 0, "covered_branches": 0, "missing_branches": 0}, "missing_lines": [], "excluded_lines": [], "executed_branches": [], "missing_branches": []}, "CancelableWebSocket.receive_text": {"executed_lines": [255, 256], "summary": {"covered_lines": 2, "num_statements": 2, "percent_covered": 100.0, "percent_covered_display": "100.00", "missing_lines": 0, "excluded_lines": 0, "num_branches": 0, "num_partial_branches": 0, "covered_branches": 0, "missing_branches": 0}, "missing_lines": [], "excluded_lines": [], "executed_branches": [], "missing_branches": []}, "CancelableWebSocket.receive_json": {"executed_lines": [260, 261], "summary": {"covered_lines": 2, "num_statements": 2, "percent_covered": 100.0, "percent_covered_display": "100.00", "missing_lines": 0, "excluded_lines": 0, "num_branches": 0, "num_partial_branches": 0, "covered_branches": 0, "missing_branches": 0}, "missing_lines": [], "excluded_lines": [], "executed_branches": [], "missing_branches": []}, "CancelableWebSocket.close": {"executed_lines": [265, 266], "summary": {"covered_lines": 2, "num_statements": 2, "percent_covered": 100.0, "percent_covered_display": "100.00", "missing_lines": 0, "excluded_lines": 0, "num_branches": 0, "num_partial_branches": 0, "covered_branches": 0, "missing_branches": 0}, "missing_lines": [], "excluded_lines": [], "executed_branches": [], "missing_branches": []}, "": {"executed_lines": [1, 5, 6, 8, 9, 10, 11, 13, 14, 15, 16, 18, 21, 22, 26, 37, 60, 79, 125, 172, 229, 230, 234, 238, 243, 248, 253, 258, 263], "summary": {"covered_lines": 26, "num_statements": 26, "percent_covered": 100.0, "percent_covered_display": "100.00", "missing_lines": 0, "excluded_lines": 0, "num_branches": 0, "num_partial_branches": 0, "covered_branches": 0, "missing_branches": 0}, "missing_lines": [], "excluded_lines": [], "executed_branches": [], "missing_branches": []}}, "classes": {"RequestCancelationMiddleware": {"executed_lines": [34, 35, 39, 41, 42, 45, 46, 47, 48, 49, 50, 53, 54, 55, 57], "summary": {"covered_lines": 15, "num_statements": 15, "percent_covered": 100.0, "percent_covered_display": "100.00", "missing_lines": 0, "excluded_lines": 0, "num_branches": 4, "num_partial_branches": 0, "covered_branches": 4, "missing_branches": 0}, "missing_lines": [], "excluded_lines": [], "executed_branches": [[39, 41], [39, 57], [48, 46], [48, 49]], "missing_branches": []}, "CancelableWebSocket": {"executed_lines": [235, 236, 240, 241, 245, 246, 250, 251, 255, 256, 260, 261, 265, 266], "summary": {"covered_lines": 14, "num_statements": 14, "percent_covered": 100.0, "percent_covered_display": "100.00", "missing_lines": 0, "excluded_lines": 0, "num_branches": 0, "num_partial_branches": 0, "covered_branches": 0, "missing_branches": 0}, "missing_lines": [], "excluded_lines": [], "executed_branches": [], "missing_branches": []}, "": {"executed_lines": [1, 5, 6, 8, 9, 10, 11, 13, 14, 15, 16, 18, 21, 22, 26, 37, 60, 70, 71, 74, 75, 76, 79, 101, 104, 105, 111, 114, 115, 117, 118, 119, 120, 122, 125, 148, 149, 150, 152, 153, 154, 156, 157, 158, 159, 160, 161, 162, 165, 167, 169, 172, 205, 206, 207, 208, 209, 211, 219, 220, 222, 229, 230, 234, 238, 243, 248, 253, 258, 263], "summary": {"covered_lines": 67, "num_statements": 67, "percent_covered": 100.0, "percent_covered_display": "100.00", "missing_lines": 0, "excluded_lines": 0, "num_branches": 14, "num_partial_branches": 0, "covered_branches": 14, "missing_branches": 0}, "missing_lines": [], "excluded_lines": [], "executed_branches": [[70, 71], [70, 74], [114, 115], [114, 122], [157, 158], [157, 165], [158, 159], [158, 160], [160, 161], [160, 162], [207, -205], [207, 208], [219, -205], [219, 220]], "missing_branches": []}}}, "src/hother/cancelable/sources/base.py": {"executed_lines": [1, 5, 6, 8, 10, 11, 13, 16, 17, 24, 32, 33, 34, 35, 36, 37, 39, 40, 47, 49, 50, 52, 53, 54, 56, 63, 65, 72, 73, 83, 84, 85, 87, 88, 89, 90, 100, 102, 104], "summary": {"covered_lines": 29, "num_statements": 29, "percent_covered": 100.0, "percent_covered_display": "100.00", "missing_lines": 0, "excluded_lines": 15, "num_branches": 6, "num_partial_branches": 0, "covered_branches": 6, "missing_branches": 0}, "missing_lines": [], "excluded_lines": [39, 40, 41, 42, 43, 44, 45, 46, 47, 49, 50, 51, 52, 53, 54], "executed_branches": [[72, -65], [72, 73], [83, 84], [83, 100], [87, 88], [87, 100]], "missing_branches": [], "functions": {"CancelationSource.__init__": {"executed_lines": [32, 33, 34, 35, 36, 37], "summary": {"covered_lines": 6, "num_statements": 6, "percent_covered": 100.0, "percent_covered_display": "100.00", "missing_lines": 0, "excluded_lines": 0, "num_branches": 0, "num_partial_branches": 0, "covered_branches": 0, "missing_branches": 0}, "missing_lines": [], "excluded_lines": [], "executed_branches": [], "missing_branches": []}, "CancelationSource.start_monitoring": {"executed_lines": [47], "summary": {"covered_lines": 0, "num_statements": 0, "percent_covered": 100.0, "percent_covered_display": "100.00", "missing_lines": 0, "excluded_lines": 7, "num_branches": 0, "num_partial_branches": 0, "covered_branches": 0, "missing_branches": 0}, "missing_lines": [], "excluded_lines": [41, 42, 43, 44, 45, 46, 47], "executed_branches": [], "missing_branches": []}, "CancelationSource.stop_monitoring": {"executed_lines": [52, 53, 54], "summary": {"covered_lines": 0, "num_statements": 0, "percent_covered": 100.0, "percent_covered_display": "100.00", "missing_lines": 0, "excluded_lines": 4, "num_branches": 0, "num_partial_branches": 0, "covered_branches": 0, "missing_branches": 0}, "missing_lines": [], "excluded_lines": [51, 52, 53, 54], "executed_branches": [], "missing_branches": []}, "CancelationSource.set_cancel_callback": {"executed_lines": [63], "summary": {"covered_lines": 1, "num_statements": 1, "percent_covered": 100.0, "percent_covered_display": "100.00", "missing_line
[...]
86, 190, 239, 245, 277, 279, 281, 391], "executed_branches": [[209, -193], [209, 210], [210, 211], [210, 213], [213, 214], [213, 216], [368, -367], [368, 369], [369, 370], [369, 371], [371, 368], [371, 372], [386, 387], [386, 395], [387, 388], [387, 392], [392, 386], [392, 393], [404, 405], [404, 407], [409, 410], [409, 412], [414, 415], [414, 417]], "missing_branches": [], "functions": {"MockCancelationToken.cancel": {"executed_lines": [40, 47], "summary": {"covered_lines": 2, "num_statements": 2, "percent_covered": 100.0, "percent_covered_display": "100.00", "missing_lines": 0, "excluded_lines": 0, "num_branches": 0, "num_partial_branches": 0, "covered_branches": 0, "missing_branches": 0}, "missing_lines": [], "excluded_lines": [], "executed_branches": [], "missing_branches": []}, "MockCancelationToken.schedule_cancel": {"executed_lines": [64, 68, 69, 70], "summary": {"covered_lines": 4, "num_statements": 4, "percent_covered": 100.0, "percent_covered_display": "100.00", "missing_lines": 0, "excluded_lines": 0, "num_branches": 0, "num_partial_branches": 0, "covered_branches": 0, "missing_branches": 0}, "missing_lines": [], "excluded_lines": [], "executed_branches": [], "missing_branches": []}, "MockCancelationToken.schedule_cancel.delayed_cancel": {"executed_lines": [65, 66], "summary": {"covered_lines": 2, "num_statements": 2, "percent_covered": 100.0, "percent_covered_display": "100.00", "missing_lines": 0, "excluded_lines": 0, "num_branches": 0, "num_partial_branches": 0, "covered_branches": 0, "missing_branches": 0}, "missing_lines": [], "excluded_lines": [], "executed_branches": [], "missing_branches": []}, "MockCancelationToken.get_cancel_count": {"executed_lines": [74], "summary": {"covered_lines": 1, "num_statements": 1, "percent_covered": 100.0, "percent_covered_display": "100.00", "missing_lines": 0, "excluded_lines": 0, "num_branches": 0, "num_partial_branches": 0, "covered_branches": 0, "missing_branches": 0}, "missing_lines": [], "excluded_lines": [], "executed_branches": [], "missing_branches": []}, "OperationRecorder.__init__": {"executed_lines": [83, 84, 85], "summary": {"covered_lines": 3, "num_statements": 3, "percent_covered": 100.0, "percent_covered_display": "100.00", "missing_lines": 0, "excluded_lines": 0, "num_branches": 0, "num_partial_branches": 0, "covered_branches": 0, "missing_branches": 0}, "missing_lines": [], "excluded_lines": [], "executed_branches": [], "missing_branches": []}, "OperationRecorder.record_event": {"executed_lines": [94, 95], "summary": {"covered_lines": 2, "num_statements": 2, "percent_covered": 100.0, "percent_covered_display": "100.00", "missing_lines": 0, "excluded_lines": 0, "num_branches": 0, "num_partial_branches": 0, "covered_branches": 0, "missing_branches": 0}, "missing_lines": [], "excluded_lines": [], "executed_branches": [], "missing_branches": []}, "OperationRecorder.attach_to_cancellable": {"executed_lines": [114, 115, 118, 121, 124, 127], "summary": {"covered_lines": 6, "num_statements": 6, "percent_covered": 100.0, "percent_covered_display": "100.00", "missing_lines": 0, "excluded_lines": 0, "num_branches": 0, "num_partial_branches": 0, "covered_branches": 0, "missing_branches": 0}, "missing_lines": [], "excluded_lines": [], "executed_branches": [], "missing_branches": []}, "OperationRecorder.attach_to_cancellable.record_progress": {"executed_lines": [119], "summary": {"covered_lines": 1, "num_statements": 1, "percent_covered": 100.0, "percent_covered_display": "100.00", "missing_lines": 0, "excluded_lines": 0, "num_branches": 0, "num_partial_branches": 0, "covered_branches": 0, "missing_branches": 0}, "missing_lines": [], "excluded_lines": [], "executed_branches": [], "missing_branches": []}, "OperationRecorder.attach_to_cancellable.record_status": {"executed_lines": [122], "summary": {"covered_lines": 1, "num_statements": 1, "percent_covered": 100.0, "percent_covered_display": "100.00", "missing_lines": 0, "excluded_lines": 0, "num_branches": 0, "num_partial_branches": 0, "covered_branches": 0, "missing_branches": 0}, "missing_lines": [], "excluded_lines": [], "executed_branches": [], "missing_branches": []}, "OperationRecorder.attach_to_cancellable.record_error": {"executed_lines": [125], "summary": {"covered_lines": 1, "num_statements": 1, "percent_covered": 100.0, "percent_covered_display": "100.00", "missing_lines": 0, "excluded_lines": 0, "num_branches": 0, "num_partial_branches": 0, "covered_branches": 0, "missing_branches": 0}, "missing_lines": [], "excluded_lines": [], "executed_branches": [], "missing_branches": []}, "OperationRecorder.get_events_for_operation": {"executed_lines": [137], "summary": {"covered_lines": 1, "num_statements": 1, "percent_covered": 100.0, "percent_covered_display": "100.00", "missing_lines": 0, "excluded_lines": 0, "num_branches": 0, "num_partial_branches": 0, "covered_branches": 0, "missing_branches": 0}, "missing_lines": [], "excluded_lines": [], "executed_branches": [], "missing_branches": []}, "OperationRecorder.get_events_by_type": {"executed_lines": [141], "summary": {"covered_lines": 1, "num_statements": 1, "percent_covered": 100.0, "percent_covered_display": "100.00", "missing_lines": 0, "excluded_lines": 0, "num_branches": 0, "num_partial_branches": 0, "covered_branches": 0, "missing_branches": 0}, "missing_lines": [], "excluded_lines": [], "executed_branches": [], "missing_branches": []}, "OperationRecorder.assert_event_occurred": {"executed_lines": [163, 165, 166, 168], "summary": {"covered_lines": 3, "num_statements": 3, "percent_covered": 100.0, "percent_covered_display": "100.00", "missing_lines": 0, "excluded_lines": 1, "num_branches": 0, "num_partial_branches": 0, "covered_branches": 0, "missing_branches": 0}, "missing_lines": [], "excluded_lines": [166], "executed_branches": [], "missing_branches": []}, "OperationRecorder.assert_final_status": {"executed_lines": [185, 188, 189, 190], "summary": {"covered_lines": 3, "num_statements": 3, "percent_covered": 100.0, "percent_covered_display": "100.00", "missing_lines": 0, "excluded_lines": 2, "num_branches": 0, "num_partial_branches": 0, "covered_branches": 0, "missing_branches": 0}, "missing_lines": [], "excluded_lines": [186, 190], "executed_branches": [], "missing_branches": []}, "create_slow_stream": {"executed_lines": [209, 210, 211, 213, 214, 216], "summary": {"covered_lines": 6, "num_statements": 6, "percent_covered": 100.0, "percent_covered_display": "100.00", "missing_lines": 0, "excluded_lines": 0, "num_branches": 6, "num_partial_branches": 0, "covered_branches": 6, "missing_branches": 0}, "missing_lines": [], "excluded_lines": [], "executed_branches": [[209, -193], [209, 210], [210, 211], [210, 213], [213, 214], [213, 216]], "missing_branches": []}, "run_with_timeout_test": {"executed_lines": [235, 237, 238, 240, 242, 244], "summary": {"covered_lines": 6, "num_statements": 6, "percent_covered": 100.0, "percent_covered_display": "100.00", "missing_lines": 0, "excluded_lines": 2, "num_branches": 0, "num_partial_branches": 0, "covered_branches": 0, "missing_branches": 0}, "missing_lines": [], "excluded_lines": [239, 245], "executed_branches": [], "missing_branches": []}, "assert_cancelation_within": {"executed_lines": [268, 269, 271, 272, 274, 275, 276, 277, 278, 279, 281], "summary": {"covered_lines": 8, "num_statements": 8, "percent_covered": 100.0, "percent_covered_display": "100.00", "missing_lines": 0, "excluded_lines": 3, "num_branches": 0, "num_partial_branches": 0, "covered_branches": 0, "missing_branches": 0}, "missing_lines": [], "excluded_lines": [277, 279, 281], "executed_branches": [], "missing_branches": []}, "CancelationScenario.__init__": {"executed_lines": [290, 291, 292], "summary": {"covered_lines": 3, "num_statements": 3, "percent_covered": 100.0, "percent_covered_display": "100.00", "missing_lines": 0, "excluded_lines": 0, "num_branches": 0, "num_partial_branches": 0, "covered_branches": 0, "missing_branches": 0}, "missing_lines": [], "excluded_lines": [], "executed_branches": [], "missing_branches": []}, "CancelationScenario.add_delay": {"executed_lines": [296, 297], "summary": {"covered_lines": 2, "num_statements": 2, "percent_covered": 100.0, "percent_covered_display": "100.00", "missing_lines": 0, "excluded_lines": 0, "num_branches": 0, "num_partial_branches": 0, "covered_branches": 0, "missing_branches": 0}, "missing_lines": [], "excluded_lines": [], "executed_branches": [], "missing_branches": []}, "CancelationScenario.add_cancelation": {"executed_lines": [305, 312], "summary": {"covered_lines": 2, "num_statements": 2, "percent_covered": 100.0, "percent_covered_display": "100.00", "missing_lines": 0, "excluded_lines": 0, "num_branches": 0, "num_partial_branches": 0, "covered_branches": 0, "missing_branches": 0}, "missing_lines": [], "excluded_lines": [], "executed_branches": [], "missing_branches": []}, "CancelationScenario.add_progress_check": {"executed_lines": [320, 327], "summary": {"covered_lines": 2, "num_statements": 2, "percent_covered": 100.0, "percent_covered_display": "100.00", "missing_lines": 0, "excluded_lines": 0, "num_branches": 0, "num_partial_branches": 0, "covered_branches": 0, "missing_branches": 0}, "missing_lines": [], "excluded_lines": [], "executed_branches": [], "missing_branches": []}, "CancelationScenario.add_status_check": {"executed_lines": [334, 340], "summary": {"covered_lines": 2, "num_statements": 2, "percent_covered": 100.0, "percent_covered_display": "100.00", "missing_lines": 0, "excluded_lines": 0, "num_branches": 0, "num_partial_branches": 0, "covered_branches": 0, "missing_branches": 0}, "missing_lines": [], "excluded_lines": [], "executed_branches": [], "missing_branches": []}, "CancelationScenario.run": {"executed_lines": [359, 360, 363, 364, 367, 375, 376, 379, 380, 381, 382, 383, 386, 387, 388, 389, 390, 391, 392, 393, 395], "summary": {"covered_lines": 20, "num_statements": 20, "percent_covered": 100.0, "percent_covered_display": "100.00", "missing_lines": 0, "excluded_lines": 1, "num_branches": 6, "num_partial_branches": 0, "covered_branches": 6, "missing_branches": 0}, "missing_lines": [], "excluded_lines": [391], "executed_branches": [[386, 387], [386, 395], [387, 388], [387, 392], [392, 386], [392, 393]], "missing_branches": []}, "CancelationScenario.run.run_steps": {"executed_lines": [368, 369, 370, 371, 372], "summary": {"covered_lines": 5, "num_statements": 5, "percent_covered": 100.0, "percent_covered_display": "100.00", "missing_lines": 0, "excluded_lines": 0, "num_branches": 6, "num_partial_branches": 0, "covered_branches": 6, "missing_branches": 0}, "missing_lines": [], "excluded_lines": [], "executed_branches": [[368, -367], [368, 369], [369, 370], [369, 371], [371, 368], [371, 372]], "missing_branches": []}, "sample_async_operation": {"executed_lines": [404, 405, 407, 409, 410, 412, 414, 415, 417], "summary": {"covered_lines": 9, "num_statements": 9, "percent_covered": 100.0, "percent_covered_display": "100.00", "missing_lines": 0, "excluded_lines": 0, "num_branches": 6, "num_partial_branches": 0, "covered_branches": 6, "missing_branches": 0}, "missing_lines": [], "excluded_lines": [], "executed_branches": [[404, 405], [404, 407], [409, 410], [409, 412], [414, 415], [414, 417]], "missing_branches": []}, "": {"executed_lines": [1, 5, 6, 7, 8, 10, 11, 13, 14, 15, 16, 18, 20, 23, 24, 31, 32, 34, 49, 72, 77, 78, 82, 87, 104, 135, 139, 143, 170, 193, 219, 250, 251, 284, 285, 289, 294, 299, 314, 329, 342, 399], "summary": {"covered_lines": 38, "num_statements": 38, "percent_covered": 100.0, "percent_covered_display": "100.00", "missing_lines": 0, "excluded_lines": 0, "num_branches": 0, "num_partial_branches": 0, "covered_branches": 0, "missing_branches": 0}, "missing_lines": [], "excluded_lines": [], "executed_branches": [], "missing_branches": []}}, "classes": {"MockCancelationToken": {"executed_lines": [40, 47, 64, 65, 66, 68, 69, 70, 74], "summary": {"covered_lines": 9, "num_statements": 9, "percent_covered": 100.0, "percent_covered_display": "100.00", "missing_lines": 0, "excluded_lines": 0, "num_branches": 0, "num_partial_branches": 0, "covered_branches": 0, "missing_branches": 0}, "missing_lines": [], "excluded_lines": [], "executed_branches": [], "missing_branches": []}, "OperationRecorder": {"executed_lines": [83, 84, 85, 94, 95, 114, 115, 118, 119, 121, 122, 124, 125, 127, 137, 141, 163, 165, 166, 168, 185, 188, 189, 190], "summary": {"covered_lines": 22, "num_statements": 22, "percent_covered": 100.0, "percent_covered_display": "100.00", "missing_lines": 0, "excluded_lines": 3, "num_branches": 0, "num_partial_branches": 0, "covered_branches": 0, "missing_branches": 0}, "missing_lines": [], "excluded_lines": [166, 186, 190], "executed_branches": [], "missing_branches": []}, "CancelationScenario": {"executed_lines": [290, 291, 292, 296, 297, 305, 312, 320, 327, 334, 340, 359, 360, 363, 364, 367, 368, 369, 370, 371, 372, 375, 376, 379, 380, 381, 382, 383, 386, 387, 388, 389, 390, 391, 392, 393, 395], "summary": {"covered_lines": 36, "num_statements": 36, "percent_covered": 100.0, "percent_covered_display": "100.00", "missing_lines": 0, "excluded_lines": 1, "num_branches": 12, "num_partial_branches": 0, "covered_branches": 12, "missing_branches": 0}, "missing_lines": [], "excluded_lines": [391], "executed_branches": [[368, -367], [368, 369], [369, 370], [369, 371], [371, 368], [371, 372], [386, 387], [386, 395], [387, 388], [387, 392], [392, 386], [392, 393]], "missing_branches": []}, "": {"executed_lines": [1, 5, 6, 7, 8, 10, 11, 13, 14, 15, 16, 18, 20, 23, 24, 31, 32, 34, 49, 72, 77, 78, 82, 87, 104, 135, 139, 143, 170, 193, 209, 210, 211, 213, 214, 216, 219, 235, 237, 238, 240, 242, 244, 250, 251, 268, 269, 271, 272, 274, 275, 276, 277, 278, 279, 281, 284, 285, 289, 294, 299, 314, 329, 342, 399, 404, 405, 407, 409, 410, 412, 414, 415, 417], "summary": {"covered_lines": 67, "num_statements": 67, "percent_covered": 100.0, "percent_covered_display": "100.00", "missing_lines": 0, "excluded_lines": 5, "num_branches": 12, "num_partial_branches": 0, "covered_branches": 12, "missing_branches": 0}, "missing_lines": [], "excluded_lines": [239, 245, 277, 279, 281], "executed_branches": [[209, -193], [209, 210], [210, 211], [210, 213], [213, 214], [213, 216], [404, 405], [404, 407], [409, 410], [409, 412], [414, 415], [414, 417]], "missing_branches": []}}}, "src/hother/cancelable/utils/threading_bridge.py": {"executed_lines": [1, 7, 9, 10, 11, 13, 14, 16, 20, 21, 54, 56, 58, 68, 70, 87, 89, 102, 104, 121, 123, 143, 145, 165, 169, 170, 172, 173, 188, 189, 190, 191, 192], "summary": {"covered_lines": 30, "num_statements": 30, "percent_covered": 100.0, "percent_covered_display": "100.00", "missing_lines": 0, "excluded_lines": 2, "num_branches": 4, "num_partial_branches": 0, "covered_branches": 4, "missing_branches": 0}, "missing_lines": [], "excluded_lines": [16, 17], "executed_branches": [[188, 189], [188, 192], [190, 191], [190, 192]], "missing_branches": [], "functions": {"ThreadSafeRegistry.__init__": {"executed_lines": [56], "summary": {"covered_lines": 1, "num_statements": 1, "percent_covered": 100.0, "percent_covered_display": "100.00", "missing_lines": 0, "excluded_lines": 0, "num_branches": 0, "num_partial_branches": 0, "covered_branches": 0, "missing_branches": 0}, "missing_lines": [], "excluded_lines": [], "executed_branches": [], "missing_branches": []}, "ThreadSafeRegistry.get_operation": {"executed_lines": [68], "summary": {"covered_lines": 1, "num_statements": 1, "percent_covered": 100.0, "percent_covered_display": "100.00", "missing_lines": 0, "excluded_lines": 0, "num_branches": 0, "num_partial_branches": 0, "covered_branches": 0, "missing_branches": 0}, "missing_lines": [], "excluded_lines": [], "executed_branches": [], "missing_branches": []}, "ThreadSafeRegistry.list_operations": {"executed_lines": [87], "summary": {"covered_lines": 1, "num_statements": 1, "percent_covered": 100.0, "percent_covered_display": "100.00", "missing_lines": 0, "excluded_lines": 0, "num_branches": 0, "num_partial_branches": 0, "covered_branches": 0, "missing_branches": 0}, "missing_lines": [], "excluded_lines": [], "executed_branches": [], "missing_branches": []}, "ThreadSafeRegistry.get_statistics": {"executed_lines": [102], "summary": {"covered_lines": 1, "num_statements": 1, "percent_covered": 100.0, "percent_covered_display": "100.00", "missing_lines": 0, "excluded_lines": 0, "num_branches": 0, "num_partial_branches": 0, "covered_branches": 0, "missing_branches": 0}, "missing_lines": [], "excluded_lines": [], "executed_branches": [], "missing_branches": []}, "ThreadSafeRegistry.get_history": {"executed_lines": [121], "summary": {"covered_lines": 1, "num_statements": 1, "percent_covered": 100.0, "percent_covered_display": "100.00", "missing_lines": 0, "excluded_lines": 0, "num_branches": 0, "num_partial_branches": 0, "covered_branches": 0, "missing_branches": 0}, "missing_lines": [], "excluded_lines": [], "executed_branches": [], "missing_branches": []}, "ThreadSafeRegistry.cancel_operation": {"executed_lines": [143], "summary": {"covered_lines": 1, "num_statements": 1, "percent_covered": 100.0, "percent_covered_display": "100.00", "missing_lines": 0, "excluded_lines": 0, "num_branches": 0, "num_partial_branches": 0, "covered_branches": 0, "missing_branches": 0}, "missing_lines": [], "excluded_lines": [], "executed_branches": [], "missing_branches": []}, "ThreadSafeRegistry.cancel_all": {"executed_lines": [165], "summary": {"covered_lines": 1, "num_statements": 1, "percent_covered": 100.0, "percent_covered_display": "100.00", "missing_lines": 0, "excluded_lines": 0, "num_branches": 0, "num_partial_branches": 0, "covered_branches": 0, "missing_branches": 0}, "missing_lines": [], "excluded_lines": [], "executed_branches": [], "missing_branches": []}, "ThreadSafeRegistry.get_instance": {"executed_lines": [188, 189, 190, 191, 192], "summary": {"covered_lines": 5, "num_statements": 5, "percent_covered": 100.0, "percent_covered_display": "100.00", "missing_lines": 0, "excluded_lines": 0, "num_branches": 4, "num_partial_branches": 0, "covered_branches": 4, "missing_branches": 0}, "missing_lines": [], "excluded_lines": [], "executed_branches": [[188, 189], [188, 192], [190, 191], [190, 192]], "missing_branches": []}, "": {"executed_lines": [1, 7, 9, 10, 11, 13, 14, 16, 20, 21, 54, 58, 70, 89, 104, 123, 145, 169, 170, 172, 173], "summary": {"covered_lines": 18, "num_statements": 18, "percent_covered": 100.0, "percent_covered_display": "100.00", "missing_lines": 0, "excluded_lines": 2, "num_branches": 0, "num_partial_branches": 0, "covered_branches": 0, "missing_branches": 0}, "missing_lines": [], "excluded_lines": [16, 17], "executed_branches": [], "missing_branches": []}}, "classes": {"ThreadSafeRegistry": {"executed_lines": [56, 68, 87, 102, 121, 143, 165, 188, 189, 190, 191, 192], "summary": {"covered_lines": 12, "num_statements": 12, "percent_covered": 100.0, "percent_covered_display": "100.00", "missing_lines": 0, "excluded_lines": 0, "num_branches": 4, "num_partial_branches": 0, "covered_branches": 4, "missing_branches": 0}, "missing_lines": [], "excluded_lines": [], "executed_branches": [[188, 189], [188, 192], [190, 191], [190, 192]], "missing_branches": []}, "": {"executed_lines": [1, 7, 9, 10, 11, 13, 14, 16, 20, 21, 54, 58, 70, 89, 104, 123, 145, 169, 170, 172, 173], "summary": {"covered_lines": 18, "num_statements": 18, "percent_covered": 100.0, "percent_covered_display": "100.00", "missing_lines": 0, "excluded_lines": 2, "num_branches": 0, "num_partial_branches": 0, "covered_branches": 0, "missing_branches": 0}, "missing_lines": [], "excluded_lines": [16, 17], "executed_branches": [], "missing_branches": []}}}}, "totals": {"covered_lines": 1778, "num_statements": 1778, "percent_covered": 100.0, "percent_covered_display": "100.00", "missing_lines": 0, "excluded_lines": 108, "num_branches": 444, "num_partial_branches": 0, "covered_branches": 444, "missing_branches": 0}}